2023-07-20 21:14:53.396 [info] Log level: Info
2023-07-20 21:14:53.396 [info] Validating found git in: "git"
2023-07-20 21:14:53.396 [info] Using git "2.41.0" from "git"
2023-07-20 21:14:53.396 [info] > git rev-parse --show-toplevel [13ms]
2023-07-20 21:14:53.396 [info] fatal: not a git repository (or any of the parent directories): .git
2023-07-20 21:14:57.103 [info] > git rev-parse --show-toplevel [16ms]
2023-07-20 21:14:57.103 [info] fatal: not a git repository (or any of the parent directories): .git
2023-07-20 21:16:14.690 [info] > git rev-parse --show-toplevel [10ms]
2023-07-20 21:16:14.690 [info] fatal: not a git repository (or any of the parent directories): .git
2023-07-20 21:16:16.076 [info] > git rev-parse --show-toplevel [23ms]
2023-07-20 21:16:16.076 [info] fatal: not a git repository (or any of the parent directories): .git
2023-07-20 21:18:40.947 [info] > git rev-parse --show-toplevel [8ms]
2023-07-20 21:18:40.947 [info] fatal: not a git repository (or any of the parent directories): .git
2023-07-20 21:22:42.964 [info] > git rev-parse --show-toplevel [4ms]
2023-07-20 21:22:42.964 [info] fatal: not a git repository (or any of the parent directories): .git
2023-07-20 21:22:46.719 [info] > git rev-parse --show-toplevel [7ms]
2023-07-20 21:22:46.719 [info] fatal: not a git repository (or any of the parent directories): .git
2023-07-20 21:26:52.660 [info] > git rev-parse --show-toplevel [6ms]
2023-07-20 21:26:52.660 [info] fatal: not a git repository (or any of the parent directories): .git
2023-07-20 21:27:02.376 [info] > git rev-parse --show-toplevel [11ms]
2023-07-20 21:27:02.376 [info] fatal: not a git repository (or any of the parent directories): .git
2023-07-20 21:27:04.042 [info] > git rev-parse --show-toplevel [7ms]
2023-07-20 21:27:04.042 [info] fatal: not a git repository (or any of the parent directories): .git
2023-07-20 21:27:38.078 [info] > git rev-parse --show-toplevel [3ms]
2023-07-20 21:27:38.078 [info] fatal: not a git repository (or any of the parent directories): .git
2023-07-20 21:27:41.954 [info] > git rev-parse --show-toplevel [14ms]
2023-07-20 21:27:41.954 [info] fatal: not a git repository (or any of the parent directories): .git
2023-07-20 21:28:39.404 [info] > git rev-parse --show-toplevel [3ms]
2023-07-20 21:28:39.404 [info] fatal: not a git repository (or any of the parent directories): .git
2023-07-20 21:28:44.319 [info] > git rev-parse --show-toplevel [3ms]
2023-07-20 21:28:44.319 [info] fatal: not a git repository (or any of the parent directories): .git
2023-07-20 21:28:57.757 [info] > git rev-parse --show-toplevel [7ms]
2023-07-20 21:28:57.757 [info] fatal: not a git repository (or any of the parent directories): .git
2023-07-20 21:29:09.587 [info] > git rev-parse --show-toplevel [6ms]
2023-07-20 21:29:09.587 [info] fatal: not a git repository (or any of the parent directories): .git
2023-07-20 21:29:30.599 [info] > git rev-parse --show-toplevel [6ms]
2023-07-20 21:29:30.599 [info] fatal: not a git repository (or any of the parent directories): .git
