2023-07-20 21:36:37.156 [info] Log level: Info
2023-07-20 21:36:37.156 [info] Validating found git in: "git"
2023-07-20 21:36:37.156 [info] Using git "2.41.0" from "git"
2023-07-20 21:36:37.156 [info] > git rev-parse --show-toplevel [12ms]
2023-07-20 21:36:37.156 [info] fatal: not a git repository (or any of the parent directories): .git
2023-07-20 21:36:43.553 [info] Log level: Info
2023-07-20 21:36:43.553 [info] Validating found git in: "git"
2023-07-20 21:36:43.553 [info] Using git "2.41.0" from "git"
2023-07-20 21:36:43.558 [info] > git rev-parse --show-toplevel [6ms]
2023-07-20 21:36:43.558 [info] fatal: not a git repository (or any of the parent directories): .git
2023-07-20 21:36:43.568 [info] > git rev-parse --show-toplevel [2ms]
2023-07-20 21:36:43.568 [info] fatal: not a git repository (or any of the parent directories): .git
2023-07-20 21:36:43.968 [info] > git rev-parse --show-toplevel [26ms]
2023-07-20 21:36:43.968 [info] fatal: not a git repository (or any of the parent directories): .git
2023-07-20 21:38:03.652 [info] > git rev-parse --show-toplevel [44ms]
2023-07-20 21:38:03.652 [info] fatal: not a git repository (or any of the parent directories): .git
2023-07-20 21:38:13.722 [info] > git rev-parse --show-toplevel [1ms]
2023-07-20 21:38:13.722 [info] fatal: not a git repository (or any of the parent directories): .git
2023-07-20 21:41:01.507 [info] > git rev-parse --show-toplevel [6ms]
2023-07-20 21:41:01.507 [info] fatal: not a git repository (or any of the parent directories): .git
2023-07-20 21:41:22.255 [info] > git rev-parse --show-toplevel [34ms]
2023-07-20 21:41:22.255 [info] fatal: not a git repository (or any of the parent directories): .git
