2023-07-21 00:11:28.142 [info] Extension host with pid 1952 started
2023-07-21 00:11:28.142 [info] Skipping acquiring lock for /home/baggscodes/.config/Code/User/workspaceStorage/fbcd63f3455b4795d69051859a8018ed.
2023-07-21 00:11:28.461 [info] ExtensionService#_doActivateExtension vscode.emmet, startup: false, activationEvent: 'onLanguage'
2023-07-21 00:11:28.473 [info] ExtensionService#_doActivateExtension vscode.css-language-features, startup: false, activationEvent: 'onLanguage:css'
2023-07-21 00:11:29.337 [info] ExtensionService#_doActivateExtension vscode.git-base, startup: true, activationEvent: '*', root cause: vscode.git
2023-07-21 00:11:29.341 [info] ExtensionService#_doActivateExtension formulahendry.auto-rename-tag, startup: true, activationEvent: '*'
2023-07-21 00:11:29.366 [info] ExtensionService#_doActivateExtension vincaslt.highlight-matching-tag, startup: true, activationEvent: '*'
2023-07-21 00:11:29.476 [info] ExtensionService#_doActivateExtension vscode.git, startup: true, activationEvent: '*'
2023-07-21 00:11:29.515 [info] ExtensionService#_doActivateExtension vscode.github, startup: true, activationEvent: '*'
2023-07-21 00:11:29.665 [info] Eager extensions activated
2023-07-21 00:11:29.698 [info] ExtensionService#_doActivateExtension vscode.debug-auto-launch, startup: false, activationEvent: 'onStartupFinished'
2023-07-21 00:11:29.702 [info] ExtensionService#_doActivateExtension vscode.merge-conflict, startup: false, activationEvent: 'onStartupFinished'
2023-07-21 00:11:29.715 [info] ExtensionService#_doActivateExtension equinusocio.vsc-material-theme-icons, startup: false, activationEvent: 'onStartupFinished'
2023-07-21 00:11:29.808 [info] ExtensionService#_doActivateExtension esbenp.prettier-vscode, startup: false, activationEvent: 'onStartupFinished'
2023-07-21 00:11:29.862 [info] ExtensionService#_doActivateExtension ritwickdey.LiveServer, startup: false, activationEvent: 'onStartupFinished'
2023-07-21 00:11:29.884 [info] ExtensionService#_doActivateExtension streetsidesoftware.code-spell-checker, startup: false, activationEvent: 'onStartupFinished'
2023-07-21 00:11:40.346 [info] ExtensionService#_doActivateExtension vscode.github-authentication, startup: false, activationEvent: 'onAuthenticationRequest:github'
2023-07-21 00:11:40.807 [info] ExtensionService#_doActivateExtension vscode.microsoft-authentication, startup: false, activationEvent: 'onAuthenticationRequest:microsoft'
2023-07-21 00:11:57.734 [info] ExtensionService#_doActivateExtension vscode.html-language-features, startup: false, activationEvent: 'onLanguage:html'
2023-07-21 00:27:51.686 [error] Error: Illegal value for `line`
    at v.t (/usr/share/code/resources/app/out/vs/workbench/api/node/extensionHostProcess.js:96:961)
    at Object.rangeOffset [as lineAt] (/usr/share/code/resources/app/out/vs/workbench/api/node/extensionHostProcess.js:96:90)
    at i.value (/home/baggscodes/.vscode/extensions/formulahendry.auto-rename-tag-0.1.10/packages/extension/dist/webpack:/auto-rename-tag/src/extensionMain.ts:319:41)
    at p.w (/usr/share/code/resources/app/out/vs/workbench/api/node/extensionHostProcess.js:60:1902)
    at p.x (/usr/share/code/resources/app/out/vs/workbench/api/node/extensionHostProcess.js:60:1972)
    at p.fire (/usr/share/code/resources/app/out/vs/workbench/api/node/extensionHostProcess.js:60:2188)
    at v.$acceptModelChanged (/usr/share/code/resources/app/out/vs/workbench/api/node/extensionHostProcess.js:101:10888)
    at t.N (/usr/share/code/resources/app/out/vs/workbench/api/node/extensionHostProcess.js:111:11199)
    at t.M (/usr/share/code/resources/app/out/vs/workbench/api/node/extensionHostProcess.js:111:10965)
    at t.H (/usr/share/code/resources/app/out/vs/workbench/api/node/extensionHostProcess.js:111:10046)
    at t.G (/usr/share/code/resources/app/out/vs/workbench/api/node/extensionHostProcess.js:111:9122)
    at i.value (/usr/share/code/resources/app/out/vs/workbench/api/node/extensionHostProcess.js:111:7952)
    at p.w (/usr/share/code/resources/app/out/vs/workbench/api/node/extensionHostProcess.js:60:1902)
    at p.fire (/usr/share/code/resources/app/out/vs/workbench/api/node/extensionHostProcess.js:60:2119)
    at fire (/usr/share/code/resources/app/out/vs/workbench/api/node/extensionHostProcess.js:76:13931)
    at i.value (/usr/share/code/resources/app/out/vs/workbench/api/node/extensionHostProcess.js:127:30341)
    at p.w (/usr/share/code/resources/app/out/vs/workbench/api/node/extensionHostProcess.js:60:1902)
    at p.fire (/usr/share/code/resources/app/out/vs/workbench/api/node/extensionHostProcess.js:60:2119)
    at fire (/usr/share/code/resources/app/out/vs/workbench/api/node/extensionHostProcess.js:76:13931)
    at MessagePortMain.<anonymous> (/usr/share/code/resources/app/out/vs/workbench/api/node/extensionHostProcess.js:127:28621)
    at MessagePortMain.emit (node:events:513:28)
    at Object.MessagePortMain._internalPort.emit (node:electron/js2c/utility_init:2:367)
2023-07-21 00:42:21.050 [error] Error: Illegal value for `line`
    at v.t (/usr/share/code/resources/app/out/vs/workbench/api/node/extensionHostProcess.js:96:961)
    at Object.rangeOffset [as lineAt] (/usr/share/code/resources/app/out/vs/workbench/api/node/extensionHostProcess.js:96:90)
    at i.value (/home/baggscodes/.vscode/extensions/formulahendry.auto-rename-tag-0.1.10/packages/extension/dist/webpack:/auto-rename-tag/src/extensionMain.ts:319:41)
    at p.w (/usr/share/code/resources/app/out/vs/workbench/api/node/extensionHostProcess.js:60:1902)
    at p.x (/usr/share/code/resources/app/out/vs/workbench/api/node/extensionHostProcess.js:60:1972)
    at p.fire (/usr/share/code/resources/app/out/vs/workbench/api/node/extensionHostProcess.js:60:2188)
    at v.$acceptModelChanged (/usr/share/code/resources/app/out/vs/workbench/api/node/extensionHostProcess.js:101:10888)
    at t.N (/usr/share/code/resources/app/out/vs/workbench/api/node/extensionHostProcess.js:111:11199)
    at t.M (/usr/share/code/resources/app/out/vs/workbench/api/node/extensionHostProcess.js:111:10965)
    at t.H (/usr/share/code/resources/app/out/vs/workbench/api/node/extensionHostProcess.js:111:10046)
    at t.G (/usr/share/code/resources/app/out/vs/workbench/api/node/extensionHostProcess.js:111:9122)
    at i.value (/usr/share/code/resources/app/out/vs/workbench/api/node/extensionHostProcess.js:111:7952)
    at p.w (/usr/share/code/resources/app/out/vs/workbench/api/node/extensionHostProcess.js:60:1902)
    at p.fire (/usr/share/code/resources/app/out/vs/workbench/api/node/extensionHostProcess.js:60:2119)
    at fire (/usr/share/code/resources/app/out/vs/workbench/api/node/extensionHostProcess.js:76:13931)
    at i.value (/usr/share/code/resources/app/out/vs/workbench/api/node/extensionHostProcess.js:127:30341)
    at p.w (/usr/share/code/resources/app/out/vs/workbench/api/node/extensionHostProcess.js:60:1902)
    at p.fire (/usr/share/code/resources/app/out/vs/workbench/api/node/extensionHostProcess.js:60:2119)
    at fire (/usr/share/code/resources/app/out/vs/workbench/api/node/extensionHostProcess.js:76:13931)
    at MessagePortMain.<anonymous> (/usr/share/code/resources/app/out/vs/workbench/api/node/extensionHostProcess.js:127:28621)
    at MessagePortMain.emit (node:events:513:28)
    at Object.MessagePortMain._internalPort.emit (node:electron/js2c/utility_init:2:367)
