2023-07-21 23:01:35.565 [info] Log level: Info
2023-07-21 23:01:35.565 [info] Validating found git in: "git"
2023-07-21 23:01:35.565 [info] Using git "2.41.0" from "git"
2023-07-21 23:01:35.573 [info] > git rev-parse --show-toplevel [17ms]
2023-07-21 23:01:35.573 [info] fatal: not a git repository (or any of the parent directories): .git
2023-07-21 23:01:35.596 [info] > git rev-parse --show-toplevel [17ms]
2023-07-21 23:01:35.596 [info] fatal: not a git repository (or any of the parent directories): .git
2023-07-21 23:01:35.613 [info] > git rev-parse --show-toplevel [5ms]
2023-07-21 23:01:35.613 [info] fatal: not a git repository (or any of the parent directories): .git
2023-07-21 23:01:36.288 [info] > git rev-parse --show-toplevel [58ms]
2023-07-21 23:01:36.288 [info] fatal: not a git repository (or any of the parent directories): .git
2023-07-21 23:01:36.318 [info] > git rev-parse --show-toplevel [4ms]
2023-07-21 23:01:36.318 [info] fatal: not a git repository (or any of the parent directories): .git
2023-07-21 23:01:37.432 [info] > git rev-parse --show-toplevel [10ms]
2023-07-21 23:01:37.432 [info] fatal: not a git repository (or any of the parent directories): .git
2023-07-21 23:01:37.555 [info] > git rev-parse --show-toplevel [19ms]
2023-07-21 23:01:37.555 [info] fatal: not a git repository (or any of the parent directories): .git
2023-07-21 23:01:37.799 [info] > git rev-parse --show-toplevel [83ms]
2023-07-21 23:01:37.799 [info] fatal: not a git repository (or any of the parent directories): .git
2023-07-21 23:01:37.923 [info] > git rev-parse --show-toplevel [7ms]
2023-07-21 23:01:37.923 [info] fatal: not a git repository (or any of the parent directories): .git
2023-07-21 23:04:07.027 [info] > git rev-parse --show-toplevel [10ms]
2023-07-21 23:04:07.027 [info] fatal: not a git repository (or any of the parent directories): .git
2023-07-21 23:12:24.699 [info] > git rev-parse --show-toplevel [17ms]
2023-07-21 23:12:24.699 [info] fatal: not a git repository (or any of the parent directories): .git
2023-07-21 23:12:41.477 [info] > git rev-parse --show-toplevel [7ms]
2023-07-21 23:12:41.477 [info] fatal: not a git repository (or any of the parent directories): .git
2023-07-21 23:15:28.587 [info] > git rev-parse --show-toplevel [16ms]
2023-07-21 23:15:28.587 [info] fatal: not a git repository (or any of the parent directories): .git
2023-07-21 23:22:43.422 [info] > git rev-parse --show-toplevel [14ms]
2023-07-21 23:22:43.422 [info] fatal: not a git repository (or any of the parent directories): .git
2023-07-21 23:22:50.422 [info] > git rev-parse --show-toplevel [4ms]
2023-07-21 23:22:50.422 [info] fatal: not a git repository (or any of the parent directories): .git
2023-07-21 23:23:53.030 [info] > git rev-parse --show-toplevel [18ms]
2023-07-21 23:23:53.030 [info] fatal: not a git repository (or any of the parent directories): .git
2023-07-21 23:25:05.771 [info] > git rev-parse --show-toplevel [5ms]
2023-07-21 23:25:05.771 [info] fatal: not a git repository (or any of the parent directories): .git
2023-07-21 23:25:39.730 [info] > git rev-parse --show-toplevel [15ms]
2023-07-21 23:25:39.730 [info] fatal: not a git repository (or any of the parent directories): .git
2023-07-21 23:27:07.080 [info] > git rev-parse --show-toplevel [5ms]
2023-07-21 23:27:07.080 [info] fatal: not a git repository (or any of the parent directories): .git
2023-07-21 23:28:41.278 [info] > git rev-parse --show-toplevel [10ms]
2023-07-21 23:28:41.278 [info] fatal: not a git repository (or any of the parent directories): .git
2023-07-21 23:44:39.288 [info] > git rev-parse --show-toplevel [16ms]
2023-07-21 23:44:39.289 [info] fatal: not a git repository (or any of the parent directories): .git
2023-07-21 23:46:53.341 [info] > git rev-parse --show-toplevel [17ms]
2023-07-21 23:46:53.341 [info] fatal: not a git repository (or any of the parent directories): .git
2023-07-21 23:50:47.608 [info] > git rev-parse --show-toplevel [22ms]
2023-07-21 23:50:47.608 [info] fatal: not a git repository (or any of the parent directories): .git
2023-07-21 23:50:55.572 [info] > git rev-parse --show-toplevel [4ms]
2023-07-21 23:50:55.572 [info] fatal: not a git repository (or any of the parent directories): .git
2023-07-21 23:51:17.707 [info] > git rev-parse --show-toplevel [3ms]
2023-07-21 23:51:17.707 [info] fatal: not a git repository (or any of the parent directories): .git
2023-07-21 23:56:17.252 [info] > git rev-parse --show-toplevel [11ms]
2023-07-21 23:56:17.252 [info] fatal: not a git repository (or any of the parent directories): .git
2023-07-21 23:56:20.273 [info] > git rev-parse --show-toplevel [4ms]
2023-07-21 23:56:20.273 [info] fatal: not a git repository (or any of the parent directories): .git
2023-07-21 23:58:09.021 [info] > git rev-parse --show-toplevel [5ms]
2023-07-21 23:58:09.021 [info] fatal: not a git repository (or any of the parent directories): .git
2023-07-21 23:58:22.669 [info] > git rev-parse --show-toplevel [9ms]
2023-07-21 23:58:22.669 [info] fatal: not a git repository (or any of the parent directories): .git
2023-07-21 23:58:34.244 [info] > git rev-parse --show-toplevel [8ms]
2023-07-21 23:58:34.244 [info] fatal: not a git repository (or any of the parent directories): .git
2023-07-22 00:00:46.129 [info] > git rev-parse --show-toplevel [16ms]
2023-07-22 00:00:46.129 [info] fatal: not a git repository (or any of the parent directories): .git
2023-07-22 00:01:27.840 [info] > git rev-parse --show-toplevel [4ms]
2023-07-22 00:01:27.840 [info] fatal: not a git repository (or any of the parent directories): .git
2023-07-22 00:01:31.857 [info] > git rev-parse --show-toplevel [5ms]
2023-07-22 00:01:31.857 [info] fatal: not a git repository (or any of the parent directories): .git
2023-07-22 00:01:57.061 [info] > git rev-parse --show-toplevel [9ms]
2023-07-22 00:01:57.061 [info] fatal: not a git repository (or any of the parent directories): .git
2023-07-22 00:02:00.696 [info] > git rev-parse --show-toplevel [10ms]
2023-07-22 00:02:00.696 [info] fatal: not a git repository (or any of the parent directories): .git
2023-07-22 00:11:11.978 [info] > git rev-parse --show-toplevel [3ms]
2023-07-22 00:11:11.978 [info] fatal: not a git repository (or any of the parent directories): .git
2023-07-22 00:12:47.961 [info] > git rev-parse --show-toplevel [5ms]
2023-07-22 00:12:47.961 [info] fatal: not a git repository (or any of the parent directories): .git
2023-07-22 00:13:07.755 [info] > git rev-parse --show-toplevel [22ms]
2023-07-22 00:13:07.755 [info] fatal: not a git repository (or any of the parent directories): .git
2023-07-22 00:13:22.006 [info] > git rev-parse --show-toplevel [13ms]
2023-07-22 00:13:22.006 [info] fatal: not a git repository (or any of the parent directories): .git
2023-07-22 00:13:22.910 [info] > git rev-parse --show-toplevel [24ms]
2023-07-22 00:13:22.911 [info] fatal: not a git repository (or any of the parent directories): .git
2023-07-22 00:24:27.946 [info] > git rev-parse --show-toplevel [4ms]
2023-07-22 00:24:27.946 [info] fatal: not a git repository (or any of the parent directories): .git
2023-07-22 00:33:15.266 [info] > git rev-parse --show-toplevel [12ms]
2023-07-22 00:33:15.266 [info] fatal: not a git repository (or any of the parent directories): .git
2023-07-22 00:33:20.827 [info] > git rev-parse --show-toplevel [2ms]
2023-07-22 00:33:20.827 [info] fatal: not a git repository (or any of the parent directories): .git
