2023-07-20 21:42:27.284 [info] Extension host with pid 3787 started
2023-07-20 21:42:27.493 [info] ExtensionService#_doActivateExtension vscode.emmet, startup: false, activationEvent: 'onLanguage'
2023-07-20 21:42:27.499 [info] ExtensionService#_doActivateExtension vscode.html-language-features, startup: false, activationEvent: 'onLanguage:html'
2023-07-20 21:42:28.530 [info] ExtensionService#_doActivateExtension vscode.git-base, startup: true, activationEvent: '*', root cause: vscode.git
2023-07-20 21:42:28.553 [info] ExtensionService#_doActivateExtension formulahendry.auto-rename-tag, startup: true, activationEvent: '*'
2023-07-20 21:42:28.562 [info] ExtensionService#_doActivateExtension vincaslt.highlight-matching-tag, startup: true, activationEvent: '*'
2023-07-20 21:42:28.667 [info] ExtensionService#_doActivateExtension vscode.git, startup: true, activationEvent: '*'
2023-07-20 21:42:28.739 [info] ExtensionService#_doActivateExtension vscode.github, startup: true, activationEvent: '*'
2023-07-20 21:42:29.224 [info] Eager extensions activated
2023-07-20 21:42:29.270 [info] ExtensionService#_doActivateExtension vscode.debug-auto-launch, startup: false, activationEvent: 'onStartupFinished'
2023-07-20 21:42:29.274 [info] ExtensionService#_doActivateExtension vscode.merge-conflict, startup: false, activationEvent: 'onStartupFinished'
2023-07-20 21:42:29.284 [info] ExtensionService#_doActivateExtension equinusocio.vsc-material-theme-icons, startup: false, activationEvent: 'onStartupFinished'
2023-07-20 21:42:29.323 [info] ExtensionService#_doActivateExtension esbenp.prettier-vscode, startup: false, activationEvent: 'onStartupFinished'
2023-07-20 21:42:29.462 [info] ExtensionService#_doActivateExtension ritwickdey.LiveServer, startup: false, activationEvent: 'onStartupFinished'
2023-07-20 21:42:29.512 [info] ExtensionService#_doActivateExtension streetsidesoftware.code-spell-checker, startup: false, activationEvent: 'onStartupFinished'
2023-07-20 21:42:29.599 [info] ExtensionService#_doActivateExtension vscode.github-authentication, startup: false, activationEvent: 'onAuthenticationRequest:github'
2023-07-20 21:42:30.366 [info] ExtensionService#_doActivateExtension vscode.microsoft-authentication, startup: false, activationEvent: 'onAuthenticationRequest:microsoft'
2023-07-20 21:42:43.224 [info] Extension host terminating: renderer closed the MessagePort
2023-07-20 21:42:43.242 [info] Extension host with pid 3787 exiting with code 0
2023-07-20 21:42:44.596 [info] Extension host with pid 3912 started
2023-07-20 21:42:44.596 [info] Skipping acquiring lock for /home/baggscodes/.config/Code/User/workspaceStorage/fbcd63f3455b4795d69051859a8018ed.
2023-07-20 21:42:44.827 [info] ExtensionService#_doActivateExtension vscode.emmet, startup: false, activationEvent: 'onLanguage'
2023-07-20 21:42:44.836 [info] ExtensionService#_doActivateExtension vscode.css-language-features, startup: false, activationEvent: 'onLanguage:css'
2023-07-20 21:42:45.303 [info] ExtensionService#_doActivateExtension vscode.git-base, startup: true, activationEvent: '*', root cause: vscode.git
2023-07-20 21:42:45.309 [info] ExtensionService#_doActivateExtension formulahendry.auto-rename-tag, startup: true, activationEvent: '*'
2023-07-20 21:42:45.322 [info] ExtensionService#_doActivateExtension vincaslt.highlight-matching-tag, startup: true, activationEvent: '*'
2023-07-20 21:42:45.422 [info] ExtensionService#_doActivateExtension vscode.git, startup: true, activationEvent: '*'
2023-07-20 21:42:45.459 [info] ExtensionService#_doActivateExtension vscode.github, startup: true, activationEvent: '*'
2023-07-20 21:42:45.671 [info] ExtensionService#_doActivateExtension vscode.github-authentication, startup: false, activationEvent: 'onAuthenticationRequest:github'
2023-07-20 21:42:45.744 [info] Eager extensions activated
2023-07-20 21:42:45.777 [info] ExtensionService#_doActivateExtension vscode.debug-auto-launch, startup: false, activationEvent: 'onStartupFinished'
2023-07-20 21:42:45.779 [info] ExtensionService#_doActivateExtension vscode.merge-conflict, startup: false, activationEvent: 'onStartupFinished'
2023-07-20 21:42:45.795 [info] ExtensionService#_doActivateExtension equinusocio.vsc-material-theme-icons, startup: false, activationEvent: 'onStartupFinished'
2023-07-20 21:42:45.822 [info] ExtensionService#_doActivateExtension esbenp.prettier-vscode, startup: false, activationEvent: 'onStartupFinished'
2023-07-20 21:42:45.883 [info] ExtensionService#_doActivateExtension ritwickdey.LiveServer, startup: false, activationEvent: 'onStartupFinished'
2023-07-20 21:42:45.895 [info] ExtensionService#_doActivateExtension streetsidesoftware.code-spell-checker, startup: false, activationEvent: 'onStartupFinished'
2023-07-20 21:42:46.259 [info] ExtensionService#_doActivateExtension vscode.html-language-features, startup: false, activationEvent: 'onLanguage:html'
2023-07-20 21:42:46.424 [info] ExtensionService#_doActivateExtension vscode.microsoft-authentication, startup: false, activationEvent: 'onAuthenticationRequest:microsoft'
2023-07-20 21:46:49.006 [info] ExtensionService#_doActivateExtension vscode.media-preview, startup: false, activationEvent: 'onCustomEditor:imagePreview.previewEditor'
2023-07-20 22:58:05.833 [error] [vscode.html-language-features] provider FAILED
2023-07-20 22:58:05.833 [error] Error: INVALID selection range, must contain the previous range
    at ee.provideSelectionRanges (/usr/share/code/resources/app/out/vs/workbench/api/node/extensionHostProcess.js:101:59427)
2023-07-20 22:58:29.350 [error] [vscode.html-language-features] provider FAILED
2023-07-20 22:58:29.350 [error] Error: INVALID selection range, must contain the previous range
    at ee.provideSelectionRanges (/usr/share/code/resources/app/out/vs/workbench/api/node/extensionHostProcess.js:101:59427)
2023-07-20 23:57:34.441 [error] Error: Illegal value for `line`
    at v.t (/usr/share/code/resources/app/out/vs/workbench/api/node/extensionHostProcess.js:96:961)
    at Object.rangeOffset [as lineAt] (/usr/share/code/resources/app/out/vs/workbench/api/node/extensionHostProcess.js:96:90)
    at i.value (/home/baggscodes/.vscode/extensions/formulahendry.auto-rename-tag-0.1.10/packages/extension/dist/webpack:/auto-rename-tag/src/extensionMain.ts:319:41)
    at p.w (/usr/share/code/resources/app/out/vs/workbench/api/node/extensionHostProcess.js:60:1902)
    at p.x (/usr/share/code/resources/app/out/vs/workbench/api/node/extensionHostProcess.js:60:1972)
    at p.fire (/usr/share/code/resources/app/out/vs/workbench/api/node/extensionHostProcess.js:60:2188)
    at v.$acceptModelChanged (/usr/share/code/resources/app/out/vs/workbench/api/node/extensionHostProcess.js:101:10888)
    at t.N (/usr/share/code/resources/app/out/vs/workbench/api/node/extensionHostProcess.js:111:11199)
    at t.M (/usr/share/code/resources/app/out/vs/workbench/api/node/extensionHostProcess.js:111:10965)
    at t.H (/usr/share/code/resources/app/out/vs/workbench/api/node/extensionHostProcess.js:111:10046)
    at t.G (/usr/share/code/resources/app/out/vs/workbench/api/node/extensionHostProcess.js:111:9122)
    at i.value (/usr/share/code/resources/app/out/vs/workbench/api/node/extensionHostProcess.js:111:7952)
    at p.w (/usr/share/code/resources/app/out/vs/workbench/api/node/extensionHostProcess.js:60:1902)
    at p.fire (/usr/share/code/resources/app/out/vs/workbench/api/node/extensionHostProcess.js:60:2119)
    at fire (/usr/share/code/resources/app/out/vs/workbench/api/node/extensionHostProcess.js:76:13931)
    at i.value (/usr/share/code/resources/app/out/vs/workbench/api/node/extensionHostProcess.js:127:30341)
    at p.w (/usr/share/code/resources/app/out/vs/workbench/api/node/extensionHostProcess.js:60:1902)
    at p.fire (/usr/share/code/resources/app/out/vs/workbench/api/node/extensionHostProcess.js:60:2119)
    at fire (/usr/share/code/resources/app/out/vs/workbench/api/node/extensionHostProcess.js:76:13931)
    at MessagePortMain.<anonymous> (/usr/share/code/resources/app/out/vs/workbench/api/node/extensionHostProcess.js:127:28621)
    at MessagePortMain.emit (node:events:513:28)
    at Object.MessagePortMain._internalPort.emit (node:electron/js2c/utility_init:2:367)
