2023-07-20 11:39:10.705 [info] Log level: Info
2023-07-20 11:39:10.705 [info] Validating found git in: "git"
2023-07-20 11:39:10.705 [info] Using git "2.41.0" from "git"
2023-07-20 11:39:45.007 [info] Log level: Info
2023-07-20 11:39:45.007 [info] Validating found git in: "git"
2023-07-20 11:39:45.007 [info] Using git "2.41.0" from "git"
2023-07-20 11:39:45.010 [info] > git rev-parse --show-toplevel [66ms]
2023-07-20 11:39:45.223 [info] > git rev-parse --git-dir --git-common-dir [205ms]
2023-07-20 11:39:45.274 [info] Open repository: /home/baggscodes/repos/odin-recipes
2023-07-20 11:39:45.358 [info] > git rev-parse --show-toplevel [67ms]
2023-07-20 11:39:45.404 [info] > git config --get commit.template [47ms]
2023-07-20 11:39:45.437 [info] > git for-each-ref --format=%(refname)%00%(upstream:short)%00%(objectname)%00%(upstream:track)%00%(upstream:remotename)%00%(upstream:remoteref) refs/heads/main refs/remotes/main [6ms]
2023-07-20 11:39:45.521 [info] > git status -z -uall [68ms]
2023-07-20 11:39:45.593 [info] > git config --get commit.template [34ms]
2023-07-20 11:39:45.600 [info] > git for-each-ref --format=%(refname)%00%(upstream:short)%00%(objectname)%00%(upstream:track)%00%(upstream:remotename)%00%(upstream:remoteref) refs/heads/main refs/remotes/main [8ms]
2023-07-20 11:39:45.640 [info] > git status -z -uall [22ms]
2023-07-20 11:39:46.016 [info] > git check-ignore -v -z --stdin [16ms]
2023-07-20 11:39:46.526 [info] > git check-ignore -v -z --stdin [2ms]
2023-07-20 11:39:50.394 [info] > git show --textconv :index.html/spaghetti.html [41ms]
2023-07-20 11:39:50.399 [info] > git ls-files --stage -- /home/baggscodes/repos/odin-recipes/index.html/spaghetti.html [6ms]
2023-07-20 11:43:52.355 [info] > git show --textconv :spaghetti.html [29ms]
2023-07-20 11:43:52.366 [info] > git ls-files --stage -- /home/baggscodes/repos/odin-recipes/spaghetti.html [13ms]
2023-07-20 11:43:52.548 [info] > git check-ignore -v -z --stdin [5ms]
2023-07-20 11:43:53.119 [info] > git config --get commit.template [1ms]
2023-07-20 11:43:53.132 [info] > git for-each-ref --format=%(refname)%00%(upstream:short)%00%(objectname)%00%(upstream:track)%00%(upstream:remotename)%00%(upstream:remoteref) refs/heads/main refs/remotes/main [2ms]
2023-07-20 11:43:53.148 [info] > git status -z -uall [3ms]
2023-07-20 11:43:58.177 [info] > git config --get commit.template [10ms]
2023-07-20 11:43:58.178 [info] > git for-each-ref --format=%(refname)%00%(upstream:short)%00%(objectname)%00%(upstream:track)%00%(upstream:remotename)%00%(upstream:remoteref) refs/heads/main refs/remotes/main [2ms]
2023-07-20 11:43:58.187 [info] > git status -z -uall [1ms]
2023-07-20 11:44:03.778 [info] > git show --textconv :index.html [13ms]
2023-07-20 11:44:03.781 [info] > git ls-files --stage -- /home/baggscodes/repos/odin-recipes/index.html [4ms]
2023-07-20 11:44:04.456 [info] > git for-each-ref --format=%(refname)%00%(upstream:short)%00%(objectname)%00%(upstream:track)%00%(upstream:remotename)%00%(upstream:remoteref) refs/heads/main refs/remotes/main [3ms]
2023-07-20 11:44:04.457 [info] > git config --get commit.template [20ms]
2023-07-20 11:44:04.469 [info] > git status -z -uall [2ms]
2023-07-20 11:54:50.473 [info] > git check-ignore -v -z --stdin [15ms]
2023-07-20 11:54:51.045 [info] > git config --get commit.template [8ms]
2023-07-20 11:54:51.047 [info] > git for-each-ref --format=%(refname)%00%(upstream:short)%00%(objectname)%00%(upstream:track)%00%(upstream:remotename)%00%(upstream:remoteref) refs/heads/main refs/remotes/main [2ms]
2023-07-20 11:54:51.056 [info] > git status -z -uall [2ms]
2023-07-20 11:54:55.857 [info] > git check-ignore -v -z --stdin [1ms]
2023-07-20 11:54:56.459 [info] > git config --get commit.template [11ms]
2023-07-20 11:54:56.460 [info] > git for-each-ref --format=%(refname)%00%(upstream:short)%00%(objectname)%00%(upstream:track)%00%(upstream:remotename)%00%(upstream:remoteref) refs/heads/main refs/remotes/main [2ms]
2023-07-20 11:54:56.467 [info] > git status -z -uall [1ms]
2023-07-20 11:54:58.053 [info] > git check-ignore -v -z --stdin [3ms]
2023-07-20 11:55:01.487 [info] > git config --get commit.template [7ms]
2023-07-20 11:55:01.488 [info] > git for-each-ref --format=%(refname)%00%(upstream:short)%00%(objectname)%00%(upstream:track)%00%(upstream:remotename)%00%(upstream:remoteref) refs/heads/main refs/remotes/main [1ms]
2023-07-20 11:55:01.495 [info] > git status -z -uall [2ms]
2023-07-20 11:55:43.487 [info] > git config --get commit.template [26ms]
2023-07-20 11:55:43.487 [info] > git for-each-ref --format=%(refname)%00%(upstream:short)%00%(objectname)%00%(upstream:track)%00%(upstream:remotename)%00%(upstream:remoteref) refs/heads/main refs/remotes/main [1ms]
2023-07-20 11:55:43.508 [info] > git status -z -uall [1ms]
2023-07-20 11:56:16.021 [info] > git config --get commit.template [30ms]
2023-07-20 11:56:16.032 [info] > git for-each-ref --format=%(refname)%00%(upstream:short)%00%(objectname)%00%(upstream:track)%00%(upstream:remotename)%00%(upstream:remoteref) refs/heads/main refs/remotes/main [22ms]
2023-07-20 11:56:16.051 [info] > git status -z -uall [3ms]
2023-07-20 11:56:43.489 [info] > git check-ignore -v -z --stdin [2ms]
2023-07-20 11:56:44.076 [info] > git config --get commit.template [12ms]
2023-07-20 11:56:44.077 [info] > git for-each-ref --format=%(refname)%00%(upstream:short)%00%(objectname)%00%(upstream:track)%00%(upstream:remotename)%00%(upstream:remoteref) refs/heads/main refs/remotes/main [2ms]
2023-07-20 11:56:44.091 [info] > git status -z -uall [6ms]
2023-07-20 11:56:50.995 [info] > git config --get commit.template [1ms]
2023-07-20 11:56:51.003 [info] > git for-each-ref --format=%(refname)%00%(upstream:short)%00%(objectname)%00%(upstream:track)%00%(upstream:remotename)%00%(upstream:remoteref) refs/heads/main refs/remotes/main [1ms]
2023-07-20 11:56:51.011 [info] > git status -z -uall [1ms]
2023-07-20 11:56:51.961 [info] > git check-ignore -v -z --stdin [0ms]
2023-07-20 11:56:56.030 [info] > git config --get commit.template [1ms]
2023-07-20 11:56:56.037 [info] > git for-each-ref --format=%(refname)%00%(upstream:short)%00%(objectname)%00%(upstream:track)%00%(upstream:remotename)%00%(upstream:remoteref) refs/heads/main refs/remotes/main [1ms]
2023-07-20 11:56:56.045 [info] > git status -z -uall [2ms]
2023-07-20 11:58:29.704 [info] > git config --get commit.template [2ms]
2023-07-20 11:58:29.718 [info] > git for-each-ref --format=%(refname)%00%(upstream:short)%00%(objectname)%00%(upstream:track)%00%(upstream:remotename)%00%(upstream:remoteref) refs/heads/main refs/remotes/main [2ms]
2023-07-20 11:58:29.731 [info] > git status -z -uall [1ms]
2023-07-20 11:58:51.266 [info] > git check-ignore -v -z --stdin [1ms]
2023-07-20 11:58:51.942 [info] > git config --get commit.template [59ms]
2023-07-20 11:58:51.951 [info] > git for-each-ref --format=%(refname)%00%(upstream:short)%00%(objectname)%00%(upstream:track)%00%(upstream:remotename)%00%(upstream:remoteref) refs/heads/main refs/remotes/main [12ms]
2023-07-20 11:58:51.979 [info] > git status -z -uall [4ms]
2023-07-20 11:58:58.871 [info] > git config --get commit.template [16ms]
2023-07-20 11:58:58.872 [info] > git for-each-ref --format=%(refname)%00%(upstream:short)%00%(objectname)%00%(upstream:track)%00%(upstream:remotename)%00%(upstream:remoteref) refs/heads/main refs/remotes/main [2ms]
2023-07-20 11:58:58.884 [info] > git status -z -uall [1ms]
2023-07-20 11:59:00.734 [info] > git check-ignore -v -z --stdin [2ms]
2023-07-20 11:59:03.914 [info] > git config --get commit.template [13ms]
2023-07-20 11:59:03.914 [info] > git for-each-ref --format=%(refname)%00%(upstream:short)%00%(objectname)%00%(upstream:track)%00%(upstream:remotename)%00%(upstream:remoteref) refs/heads/main refs/remotes/main [2ms]
2023-07-20 11:59:03.930 [info] > git status -z -uall [1ms]
2023-07-20 12:00:59.726 [info] > git config --get commit.template [12ms]
2023-07-20 12:00:59.727 [info] > git for-each-ref --format=%(refname)%00%(upstream:short)%00%(objectname)%00%(upstream:track)%00%(upstream:remotename)%00%(upstream:remoteref) refs/heads/main refs/remotes/main [2ms]
2023-07-20 12:00:59.735 [info] > git status -z -uall [1ms]
2023-07-20 12:01:04.754 [info] > git config --get commit.template [0ms]
2023-07-20 12:01:04.765 [info] > git for-each-ref --format=%(refname)%00%(upstream:short)%00%(objectname)%00%(upstream:track)%00%(upstream:remotename)%00%(upstream:remoteref) refs/heads/main refs/remotes/main [2ms]
2023-07-20 12:01:04.777 [info] > git status -z -uall [1ms]
2023-07-20 12:01:11.329 [info] > git config --get commit.template [1ms]
2023-07-20 12:01:11.347 [info] > git for-each-ref --format=%(refname)%00%(upstream:short)%00%(objectname)%00%(upstream:track)%00%(upstream:remotename)%00%(upstream:remoteref) refs/heads/main refs/remotes/main [1ms]
2023-07-20 12:01:11.369 [info] > git status -z -uall [3ms]
2023-07-20 12:18:17.260 [info] > git config --get commit.template [12ms]
2023-07-20 12:18:17.264 [info] > git for-each-ref --format=%(refname)%00%(upstream:short)%00%(objectname)%00%(upstream:track)%00%(upstream:remotename)%00%(upstream:remoteref) refs/heads/main refs/remotes/main [7ms]
2023-07-20 12:18:17.274 [info] > git status -z -uall [2ms]
2023-07-20 12:18:22.292 [info] > git config --get commit.template [0ms]
2023-07-20 12:18:22.302 [info] > git for-each-ref --format=%(refname)%00%(upstream:short)%00%(objectname)%00%(upstream:track)%00%(upstream:remotename)%00%(upstream:remoteref) refs/heads/main refs/remotes/main [1ms]
2023-07-20 12:18:22.314 [info] > git status -z -uall [1ms]
2023-07-20 12:21:54.935 [info] > git config --get commit.template [17ms]
2023-07-20 12:21:54.937 [info] > git for-each-ref --format=%(refname)%00%(upstream:short)%00%(objectname)%00%(upstream:track)%00%(upstream:remotename)%00%(upstream:remoteref) refs/heads/main refs/remotes/main [5ms]
2023-07-20 12:21:54.971 [info] > git status -z -uall [20ms]
2023-07-20 12:40:45.796 [info] > git config --get commit.template [1ms]
2023-07-20 12:40:45.808 [info] > git for-each-ref --format=%(refname)%00%(upstream:short)%00%(objectname)%00%(upstream:track)%00%(upstream:remotename)%00%(upstream:remoteref) refs/heads/main refs/remotes/main [1ms]
2023-07-20 12:40:45.820 [info] > git status -z -uall [1ms]
2023-07-20 12:42:14.807 [info] > git for-each-ref --format=%(refname)%00%(upstream:short)%00%(objectname)%00%(upstream:track)%00%(upstream:remotename)%00%(upstream:remoteref) refs/heads/main refs/remotes/main [2ms]
2023-07-20 12:42:14.808 [info] > git config --get commit.template [16ms]
2023-07-20 12:42:14.823 [info] > git status -z -uall [2ms]
2023-07-20 12:43:13.260 [info] > git config --get commit.template [14ms]
2023-07-20 12:43:13.261 [info] > git for-each-ref --format=%(refname)%00%(upstream:short)%00%(objectname)%00%(upstream:track)%00%(upstream:remotename)%00%(upstream:remoteref) refs/heads/main refs/remotes/main [2ms]
2023-07-20 12:43:13.275 [info] > git status -z -uall [1ms]
2023-07-20 12:44:07.800 [info] > git config --get commit.template [1ms]
2023-07-20 12:44:07.824 [info] > git for-each-ref --format=%(refname)%00%(upstream:short)%00%(objectname)%00%(upstream:track)%00%(upstream:remotename)%00%(upstream:remoteref) refs/heads/main refs/remotes/main [2ms]
2023-07-20 12:44:07.844 [info] > git status -z -uall [3ms]
2023-07-20 12:48:52.397 [info] > git config --get commit.template [1ms]
2023-07-20 12:48:52.412 [info] > git for-each-ref --format=%(refname)%00%(upstream:short)%00%(objectname)%00%(upstream:track)%00%(upstream:remotename)%00%(upstream:remoteref) refs/heads/main refs/remotes/main [2ms]
2023-07-20 12:48:52.428 [info] > git status -z -uall [1ms]
2023-07-20 12:50:03.613 [info] > git config --get commit.template [14ms]
2023-07-20 12:50:03.614 [info] > git for-each-ref --format=%(refname)%00%(upstream:short)%00%(objectname)%00%(upstream:track)%00%(upstream:remotename)%00%(upstream:remoteref) refs/heads/main refs/remotes/main [2ms]
2023-07-20 12:50:03.634 [info] > git status -z -uall [7ms]
2023-07-20 12:51:23.419 [info] > git config --get commit.template [20ms]
2023-07-20 12:51:23.419 [info] > git for-each-ref --format=%(refname)%00%(upstream:short)%00%(objectname)%00%(upstream:track)%00%(upstream:remotename)%00%(upstream:remoteref) refs/heads/main refs/remotes/main [3ms]
2023-07-20 12:51:23.439 [info] > git status -z -uall [2ms]
2023-07-20 12:53:23.231 [info] > git show --textconv :carne.index [17ms]
2023-07-20 12:53:23.235 [info] > git ls-files --stage -- /home/baggscodes/repos/odin-recipes/carne.index [5ms]
2023-07-20 12:53:23.473 [info] > git check-ignore -v -z --stdin [2ms]
2023-07-20 12:53:24.064 [info] > git config --get commit.template [13ms]
2023-07-20 12:53:24.065 [info] > git for-each-ref --format=%(refname)%00%(upstream:short)%00%(objectname)%00%(upstream:track)%00%(upstream:remotename)%00%(upstream:remoteref) refs/heads/main refs/remotes/main [2ms]
2023-07-20 12:53:24.078 [info] > git status -z -uall [1ms]
2023-07-20 12:53:31.455 [info] > git show --textconv :wings.html [33ms]
2023-07-20 12:53:31.457 [info] > git ls-files --stage -- /home/baggscodes/repos/odin-recipes/wings.html [3ms]
2023-07-20 12:53:31.671 [info] > git check-ignore -v -z --stdin [2ms]
2023-07-20 12:53:32.268 [info] > git config --get commit.template [16ms]
2023-07-20 12:53:32.268 [info] > git for-each-ref --format=%(refname)%00%(upstream:short)%00%(objectname)%00%(upstream:track)%00%(upstream:remotename)%00%(upstream:remoteref) refs/heads/main refs/remotes/main [2ms]
2023-07-20 12:53:32.284 [info] > git status -z -uall [1ms]
2023-07-20 12:53:39.029 [info] > git check-ignore -v -z --stdin [1ms]
2023-07-20 12:53:39.572 [info] > git config --get commit.template [0ms]
2023-07-20 12:53:39.588 [info] > git for-each-ref --format=%(refname)%00%(upstream:short)%00%(objectname)%00%(upstream:track)%00%(upstream:remotename)%00%(upstream:remoteref) refs/heads/main refs/remotes/main [1ms]
2023-07-20 12:53:39.604 [info] > git status -z -uall [1ms]
2023-07-20 12:53:46.084 [info] > git show --textconv :carne.html [24ms]
2023-07-20 12:53:46.088 [info] > git ls-files --stage -- /home/baggscodes/repos/odin-recipes/carne.html [5ms]
2023-07-20 12:54:01.789 [info] > git config --get commit.template [27ms]
2023-07-20 12:54:01.790 [info] > git for-each-ref --format=%(refname)%00%(upstream:short)%00%(objectname)%00%(upstream:track)%00%(upstream:remotename)%00%(upstream:remoteref) refs/heads/main refs/remotes/main [1ms]
2023-07-20 12:54:01.814 [info] > git status -z -uall [1ms]
2023-07-20 12:54:06.844 [info] > git config --get commit.template [13ms]
2023-07-20 12:54:06.845 [info] > git for-each-ref --format=%(refname)%00%(upstream:short)%00%(objectname)%00%(upstream:track)%00%(upstream:remotename)%00%(upstream:remoteref) refs/heads/main refs/remotes/main [2ms]
2023-07-20 12:54:06.859 [info] > git status -z -uall [2ms]
2023-07-20 12:54:24.153 [info] > git config --get commit.template [1ms]
2023-07-20 12:54:24.169 [info] > git for-each-ref --format=%(refname)%00%(upstream:short)%00%(objectname)%00%(upstream:track)%00%(upstream:remotename)%00%(upstream:remoteref) refs/heads/main refs/remotes/main [1ms]
2023-07-20 12:54:24.185 [info] > git status -z -uall [2ms]
2023-07-20 12:58:31.497 [info] > git check-ignore -v -z --stdin [1ms]
2023-07-20 12:58:32.060 [info] > git config --get commit.template [2ms]
2023-07-20 12:58:32.072 [info] > git for-each-ref --format=%(refname)%00%(upstream:short)%00%(objectname)%00%(upstream:track)%00%(upstream:remotename)%00%(upstream:remoteref) refs/heads/main refs/remotes/main [1ms]
2023-07-20 12:58:32.085 [info] > git status -z -uall [2ms]
2023-07-20 12:58:35.031 [info] > git check-ignore -v -z --stdin [2ms]
2023-07-20 12:58:37.111 [info] > git config --get commit.template [11ms]
2023-07-20 12:58:37.112 [info] > git for-each-ref --format=%(refname)%00%(upstream:short)%00%(objectname)%00%(upstream:track)%00%(upstream:remotename)%00%(upstream:remoteref) refs/heads/main refs/remotes/main [1ms]
2023-07-20 12:58:37.123 [info] > git status -z -uall [1ms]
2023-07-20 12:58:45.862 [info] > git config --get commit.template [17ms]
2023-07-20 12:58:45.863 [info] > git for-each-ref --format=%(refname)%00%(upstream:short)%00%(objectname)%00%(upstream:track)%00%(upstream:remotename)%00%(upstream:remoteref) refs/heads/main refs/remotes/main [3ms]
2023-07-20 12:58:45.881 [info] > git status -z -uall [2ms]
2023-07-20 13:02:06.195 [info] > git config --get commit.template [3ms]
2023-07-20 13:02:06.231 [info] > git for-each-ref --format=%(refname)%00%(upstream:short)%00%(objectname)%00%(upstream:track)%00%(upstream:remotename)%00%(upstream:remoteref) refs/heads/main refs/remotes/main [8ms]
2023-07-20 13:02:06.254 [info] > git status -z -uall [7ms]
2023-07-20 13:06:08.423 [info] > git config --get commit.template [21ms]
2023-07-20 13:06:08.423 [info] > git for-each-ref --format=%(refname)%00%(upstream:short)%00%(objectname)%00%(upstream:track)%00%(upstream:remotename)%00%(upstream:remoteref) refs/heads/main refs/remotes/main [2ms]
2023-07-20 13:06:08.443 [info] > git status -z -uall [1ms]
2023-07-20 13:06:27.589 [info] > git config --get commit.template [2ms]
2023-07-20 13:06:27.629 [info] > git for-each-ref --format=%(refname)%00%(upstream:short)%00%(objectname)%00%(upstream:track)%00%(upstream:remotename)%00%(upstream:remoteref) refs/heads/main refs/remotes/main [2ms]
2023-07-20 13:06:27.672 [info] > git status -z -uall [7ms]
2023-07-20 13:07:46.428 [info] > git config --get commit.template [1ms]
2023-07-20 13:07:46.454 [info] > git for-each-ref --format=%(refname)%00%(upstream:short)%00%(objectname)%00%(upstream:track)%00%(upstream:remotename)%00%(upstream:remoteref) refs/heads/main refs/remotes/main [1ms]
2023-07-20 13:07:46.479 [info] > git status -z -uall [1ms]
2023-07-20 13:08:18.922 [info] > git config --get commit.template [35ms]
2023-07-20 13:08:18.932 [info] > git for-each-ref --format=%(refname)%00%(upstream:short)%00%(objectname)%00%(upstream:track)%00%(upstream:remotename)%00%(upstream:remoteref) refs/heads/main refs/remotes/main [17ms]
2023-07-20 13:08:18.984 [info] > git status -z -uall [1ms]
2023-07-20 13:08:54.680 [info] > git config --get commit.template [1ms]
2023-07-20 13:08:54.700 [info] > git for-each-ref --format=%(refname)%00%(upstream:short)%00%(objectname)%00%(upstream:track)%00%(upstream:remotename)%00%(upstream:remoteref) refs/heads/main refs/remotes/main [1ms]
2023-07-20 13:08:54.722 [info] > git status -z -uall [3ms]
2023-07-20 13:09:17.239 [info] > git for-each-ref --format=%(refname)%00%(upstream:short)%00%(objectname)%00%(upstream:track)%00%(upstream:remotename)%00%(upstream:remoteref) refs/heads/main refs/remotes/main [1ms]
2023-07-20 13:09:17.240 [info] > git config --get commit.template [22ms]
2023-07-20 13:09:17.257 [info] > git status -z -uall [1ms]
2023-07-20 13:09:35.419 [info] > git config --get commit.template [34ms]
2023-07-20 13:09:35.421 [info] > git for-each-ref --format=%(refname)%00%(upstream:short)%00%(objectname)%00%(upstream:track)%00%(upstream:remotename)%00%(upstream:remoteref) refs/heads/main refs/remotes/main [4ms]
2023-07-20 13:09:35.449 [info] > git status -z -uall [2ms]
2023-07-20 13:09:58.490 [info] > git config --get commit.template [23ms]
2023-07-20 13:09:58.521 [info] > git for-each-ref --format=%(refname)%00%(upstream:short)%00%(objectname)%00%(upstream:track)%00%(upstream:remotename)%00%(upstream:remoteref) refs/heads/main refs/remotes/main [35ms]
2023-07-20 13:09:58.719 [info] > git status -z -uall [174ms]
2023-07-20 13:10:19.913 [info] > git config --get commit.template [11ms]
2023-07-20 13:10:19.992 [info] > git for-each-ref --format=%(refname)%00%(upstream:short)%00%(objectname)%00%(upstream:track)%00%(upstream:remotename)%00%(upstream:remoteref) refs/heads/main refs/remotes/main [4ms]
2023-07-20 13:10:20.095 [info] > git status -z -uall [25ms]
2023-07-20 13:10:42.408 [info] > git config --get commit.template [1ms]
2023-07-20 13:10:42.437 [info] > git for-each-ref --format=%(refname)%00%(upstream:short)%00%(objectname)%00%(upstream:track)%00%(upstream:remotename)%00%(upstream:remoteref) refs/heads/main refs/remotes/main [2ms]
2023-07-20 13:10:42.473 [info] > git status -z -uall [3ms]
2023-07-20 13:33:27.246 [info] > git config --get commit.template [13ms]
2023-07-20 13:33:27.246 [info] > git for-each-ref --format=%(refname)%00%(upstream:short)%00%(objectname)%00%(upstream:track)%00%(upstream:remotename)%00%(upstream:remoteref) refs/heads/main refs/remotes/main [2ms]
2023-07-20 13:33:27.259 [info] > git status -z -uall [1ms]
2023-07-20 13:34:09.845 [info] > git config --get commit.template [1ms]
2023-07-20 13:34:09.860 [info] > git for-each-ref --format=%(refname)%00%(upstream:short)%00%(objectname)%00%(upstream:track)%00%(upstream:remotename)%00%(upstream:remoteref) refs/heads/main refs/remotes/main [1ms]
2023-07-20 13:34:09.874 [info] > git status -z -uall [1ms]
2023-07-20 13:36:30.246 [info] > git config --get commit.template [13ms]
2023-07-20 13:36:30.247 [info] > git for-each-ref --format=%(refname)%00%(upstream:short)%00%(objectname)%00%(upstream:track)%00%(upstream:remotename)%00%(upstream:remoteref) refs/heads/main refs/remotes/main [2ms]
2023-07-20 13:36:30.262 [info] > git status -z -uall [1ms]
2023-07-20 13:37:42.224 [info] > git config --get commit.template [15ms]
2023-07-20 13:37:42.224 [info] > git for-each-ref --format=%(refname)%00%(upstream:short)%00%(objectname)%00%(upstream:track)%00%(upstream:remotename)%00%(upstream:remoteref) refs/heads/main refs/remotes/main [2ms]
2023-07-20 13:37:42.243 [info] > git status -z -uall [2ms]
2023-07-20 13:38:23.143 [info] > git config --get commit.template [14ms]
2023-07-20 13:38:23.144 [info] > git for-each-ref --format=%(refname)%00%(upstream:short)%00%(objectname)%00%(upstream:track)%00%(upstream:remotename)%00%(upstream:remoteref) refs/heads/main refs/remotes/main [2ms]
2023-07-20 13:38:23.157 [info] > git status -z -uall [1ms]
2023-07-20 13:39:14.671 [info] > git check-ignore -v -z --stdin [1ms]
2023-07-20 13:39:36.080 [info] > git config --get commit.template [17ms]
2023-07-20 13:39:36.080 [info] > git for-each-ref --format=%(refname)%00%(upstream:short)%00%(objectname)%00%(upstream:track)%00%(upstream:remotename)%00%(upstream:remoteref) refs/heads/main refs/remotes/main [2ms]
2023-07-20 13:39:36.095 [info] > git status -z -uall [1ms]
2023-07-20 13:40:34.071 [info] > git config --get commit.template [13ms]
2023-07-20 13:40:34.071 [info] > git for-each-ref --format=%(refname)%00%(upstream:short)%00%(objectname)%00%(upstream:track)%00%(upstream:remotename)%00%(upstream:remoteref) refs/heads/main refs/remotes/main [2ms]
2023-07-20 13:40:34.081 [info] > git status -z -uall [1ms]
2023-07-20 13:41:10.521 [info] > git config --get commit.template [15ms]
2023-07-20 13:41:10.522 [info] > git for-each-ref --format=%(refname)%00%(upstream:short)%00%(objectname)%00%(upstream:track)%00%(upstream:remotename)%00%(upstream:remoteref) refs/heads/main refs/remotes/main [1ms]
2023-07-20 13:41:10.537 [info] > git status -z -uall [1ms]
2023-07-20 13:41:15.576 [info] > git config --get commit.template [20ms]
2023-07-20 13:41:15.578 [info] > git for-each-ref --format=%(refname)%00%(upstream:short)%00%(objectname)%00%(upstream:track)%00%(upstream:remotename)%00%(upstream:remoteref) refs/heads/main refs/remotes/main [3ms]
2023-07-20 13:41:15.596 [info] > git status -z -uall [1ms]
2023-07-20 13:41:21.665 [info] > git config --get commit.template [19ms]
2023-07-20 13:41:21.665 [info] > git for-each-ref --format=%(refname)%00%(upstream:short)%00%(objectname)%00%(upstream:track)%00%(upstream:remotename)%00%(upstream:remoteref) refs/heads/main refs/remotes/main [1ms]
2023-07-20 13:41:21.684 [info] > git status -z -uall [1ms]
2023-07-20 13:41:52.476 [info] > git config --get commit.template [1ms]
2023-07-20 13:41:52.498 [info] > git for-each-ref --format=%(refname)%00%(upstream:short)%00%(objectname)%00%(upstream:track)%00%(upstream:remotename)%00%(upstream:remoteref) refs/heads/main refs/remotes/main [1ms]
2023-07-20 13:41:52.517 [info] > git status -z -uall [2ms]
2023-07-20 13:50:15.512 [info] > git config --get commit.template [32ms]
2023-07-20 13:50:15.517 [info] > git for-each-ref --format=%(refname)%00%(upstream:short)%00%(objectname)%00%(upstream:track)%00%(upstream:remotename)%00%(upstream:remoteref) refs/heads/main refs/remotes/main [6ms]
2023-07-20 13:50:15.535 [info] > git status -z -uall [2ms]
2023-07-20 13:50:20.565 [info] > git config --get commit.template [1ms]
2023-07-20 13:50:20.592 [info] > git for-each-ref --format=%(refname)%00%(upstream:short)%00%(objectname)%00%(upstream:track)%00%(upstream:remotename)%00%(upstream:remoteref) refs/heads/main refs/remotes/main [1ms]
2023-07-20 13:50:20.615 [info] > git status -z -uall [1ms]
2023-07-20 13:50:27.362 [info] > git config --get commit.template [23ms]
2023-07-20 13:50:27.363 [info] > git for-each-ref --format=%(refname)%00%(upstream:short)%00%(objectname)%00%(upstream:track)%00%(upstream:remotename)%00%(upstream:remoteref) refs/heads/main refs/remotes/main [1ms]
2023-07-20 13:50:27.387 [info] > git status -z -uall [2ms]
2023-07-20 13:59:19.669 [info] > git check-ignore -v -z --stdin [1ms]
2023-07-20 13:59:20.241 [info] > git config --get commit.template [1ms]
2023-07-20 13:59:20.257 [info] > git for-each-ref --format=%(refname)%00%(upstream:short)%00%(objectname)%00%(upstream:track)%00%(upstream:remotename)%00%(upstream:remoteref) refs/heads/main refs/remotes/main [1ms]
2023-07-20 13:59:20.272 [info] > git status -z -uall [3ms]
2023-07-20 13:59:23.073 [info] > git show --textconv :recipes/carne.html [38ms]
2023-07-20 13:59:23.081 [info] > git ls-files --stage -- /home/baggscodes/repos/odin-recipes/recipes/carne.html [12ms]
2023-07-20 13:59:23.252 [info] > git check-ignore -v -z --stdin [6ms]
2023-07-20 13:59:24.697 [info] > git check-ignore -v -z --stdin [1ms]
2023-07-20 13:59:25.310 [info] > git config --get commit.template [19ms]
2023-07-20 13:59:25.311 [info] > git for-each-ref --format=%(refname)%00%(upstream:short)%00%(objectname)%00%(upstream:track)%00%(upstream:remotename)%00%(upstream:remoteref) refs/heads/main refs/remotes/main [2ms]
2023-07-20 13:59:25.328 [info] > git status -z -uall [1ms]
2023-07-20 13:59:28.837 [info] > git check-ignore -v -z --stdin [1ms]
2023-07-20 13:59:30.252 [info] > git check-ignore -v -z --stdin [2ms]
2023-07-20 13:59:30.368 [info] > git config --get commit.template [17ms]
2023-07-20 13:59:30.369 [info] > git for-each-ref --format=%(refname)%00%(upstream:short)%00%(objectname)%00%(upstream:track)%00%(upstream:remotename)%00%(upstream:remoteref) refs/heads/main refs/remotes/main [1ms]
2023-07-20 13:59:30.387 [info] > git status -z -uall [1ms]
2023-07-20 14:06:22.509 [info] > git config --get commit.template [23ms]
2023-07-20 14:06:22.511 [info] > git for-each-ref --format=%(refname)%00%(upstream:short)%00%(objectname)%00%(upstream:track)%00%(upstream:remotename)%00%(upstream:remoteref) refs/heads/main refs/remotes/main [3ms]
2023-07-20 14:06:22.524 [info] > git status -z -uall [2ms]
2023-07-20 14:07:18.600 [info] > git config --get commit.template [14ms]
2023-07-20 14:07:18.601 [info] > git for-each-ref --format=%(refname)%00%(upstream:short)%00%(objectname)%00%(upstream:track)%00%(upstream:remotename)%00%(upstream:remoteref) refs/heads/main refs/remotes/main [2ms]
2023-07-20 14:07:18.615 [info] > git status -z -uall [3ms]
2023-07-20 14:07:18.724 [info] > git ls-files --stage -- /home/baggscodes/repos/odin-recipes/recipes/carne.html [2ms]
2023-07-20 14:07:18.741 [info] > git show --textconv :recipes/carne.html [1ms]
2023-07-20 14:16:06.584 [info] > git show --textconv :index.html [22ms]
2023-07-20 14:16:06.610 [info] > git ls-files --stage -- /home/baggscodes/repos/odin-recipes/index.html [33ms]
2023-07-20 14:19:13.488 [info] > git config --get commit.template [10ms]
2023-07-20 14:19:13.489 [info] > git for-each-ref --format=%(refname)%00%(upstream:short)%00%(objectname)%00%(upstream:track)%00%(upstream:remotename)%00%(upstream:remoteref) refs/heads/main refs/remotes/main [2ms]
2023-07-20 14:19:13.499 [info] > git status -z -uall [1ms]
2023-07-20 14:19:13.579 [info] > git ls-files --stage -- /home/baggscodes/repos/odin-recipes/recipes/carne.html [10ms]
2023-07-20 14:19:13.580 [info] > git ls-files --stage -- /home/baggscodes/repos/odin-recipes/index.html [2ms]
2023-07-20 14:19:13.599 [info] > git show --textconv :recipes/carne.html [10ms]
2023-07-20 14:19:13.602 [info] > git show --textconv :index.html [4ms]
2023-07-20 14:19:40.688 [info] > git config --get commit.template [15ms]
2023-07-20 14:19:40.689 [info] > git for-each-ref --format=%(refname)%00%(upstream:short)%00%(objectname)%00%(upstream:track)%00%(upstream:remotename)%00%(upstream:remoteref) refs/heads/main refs/remotes/main [2ms]
2023-07-20 14:19:40.705 [info] > git status -z -uall [1ms]
2023-07-20 14:19:40.785 [info] > git ls-files --stage -- /home/baggscodes/repos/odin-recipes/index.html [1ms]
2023-07-20 14:19:40.798 [info] > git ls-files --stage -- /home/baggscodes/repos/odin-recipes/recipes/carne.html [28ms]
2023-07-20 14:19:40.813 [info] > git cat-file -s 659b862e80af7eecb686329cb2d54608508558e3 [2ms]
2023-07-20 14:19:40.813 [info] > git cat-file -s 99fda19491bfc2faac97cb10a60f36d5be20f2fe [15ms]
2023-07-20 14:19:40.852 [info] > git show --textconv :recipes/carne.html [17ms]
2023-07-20 14:19:40.853 [info] > git show --textconv :index.html [2ms]
2023-07-20 14:21:52.226 [info] > git config --get commit.template [10ms]
2023-07-20 14:21:52.226 [info] > git for-each-ref --format=%(refname)%00%(upstream:short)%00%(objectname)%00%(upstream:track)%00%(upstream:remotename)%00%(upstream:remoteref) refs/heads/main refs/remotes/main [1ms]
2023-07-20 14:21:52.237 [info] > git status -z -uall [2ms]
2023-07-20 14:21:52.320 [info] > git ls-files --stage -- /home/baggscodes/repos/odin-recipes/recipes/carne.html [11ms]
2023-07-20 14:21:52.330 [info] > git ls-files --stage -- /home/baggscodes/repos/odin-recipes/index.html [10ms]
2023-07-20 14:21:52.341 [info] > git cat-file -s 99fda19491bfc2faac97cb10a60f36d5be20f2fe [2ms]
2023-07-20 14:21:52.342 [info] > git cat-file -s 659b862e80af7eecb686329cb2d54608508558e3 [13ms]
2023-07-20 14:21:52.368 [info] > git show --textconv :index.html [10ms]
2023-07-20 14:21:52.369 [info] > git show --textconv :recipes/carne.html [1ms]
2023-07-20 14:28:02.808 [info] > git config --get commit.template [12ms]
2023-07-20 14:28:02.808 [info] > git for-each-ref --format=%(refname)%00%(upstream:short)%00%(objectname)%00%(upstream:track)%00%(upstream:remotename)%00%(upstream:remoteref) refs/heads/main refs/remotes/main [1ms]
2023-07-20 14:28:02.819 [info] > git status -z -uall [1ms]
2023-07-20 14:28:02.907 [info] > git ls-files --stage -- /home/baggscodes/repos/odin-recipes/recipes/carne.html [13ms]
2023-07-20 14:28:02.922 [info] > git cat-file -s 659b862e80af7eecb686329cb2d54608508558e3 [1ms]
2023-07-20 14:28:02.924 [info] > git ls-files --stage -- /home/baggscodes/repos/odin-recipes/index.html [17ms]
2023-07-20 14:28:02.952 [info] > git cat-file -s 99fda19491bfc2faac97cb10a60f36d5be20f2fe [15ms]
2023-07-20 14:28:02.964 [info] > git show --textconv :recipes/carne.html [13ms]
2023-07-20 14:28:02.967 [info] > git show --textconv :index.html [4ms]
2023-07-20 14:43:03.086 [info] > git config --get commit.template [20ms]
2023-07-20 14:43:03.087 [info] > git for-each-ref --format=%(refname)%00%(upstream:short)%00%(objectname)%00%(upstream:track)%00%(upstream:remotename)%00%(upstream:remoteref) refs/heads/main refs/remotes/main [2ms]
2023-07-20 14:43:03.105 [info] > git status -z -uall [2ms]
2023-07-20 14:52:58.152 [info] > git config --get commit.template [1ms]
2023-07-20 14:52:58.170 [info] > git for-each-ref --format=%(refname)%00%(upstream:short)%00%(objectname)%00%(upstream:track)%00%(upstream:remotename)%00%(upstream:remoteref) refs/heads/main refs/remotes/main [1ms]
2023-07-20 14:52:58.184 [info] > git status -z -uall [1ms]
2023-07-20 14:53:10.932 [info] > git config --get commit.template [16ms]
2023-07-20 14:53:10.932 [info] > git for-each-ref --format=%(refname)%00%(upstream:short)%00%(objectname)%00%(upstream:track)%00%(upstream:remotename)%00%(upstream:remoteref) refs/heads/main refs/remotes/main [1ms]
2023-07-20 14:53:10.947 [info] > git status -z -uall [1ms]
2023-07-20 14:53:38.651 [info] > git config --get commit.template [19ms]
2023-07-20 14:53:38.651 [info] > git for-each-ref --format=%(refname)%00%(upstream:short)%00%(objectname)%00%(upstream:track)%00%(upstream:remotename)%00%(upstream:remoteref) refs/heads/main refs/remotes/main [1ms]
2023-07-20 14:53:38.669 [info] > git status -z -uall [1ms]
2023-07-20 14:53:43.707 [info] > git config --get commit.template [16ms]
2023-07-20 14:53:43.707 [info] > git for-each-ref --format=%(refname)%00%(upstream:short)%00%(objectname)%00%(upstream:track)%00%(upstream:remotename)%00%(upstream:remoteref) refs/heads/main refs/remotes/main [1ms]
2023-07-20 14:53:43.722 [info] > git status -z -uall [1ms]
2023-07-20 15:02:03.367 [info] > git config --get commit.template [10ms]
2023-07-20 15:02:03.368 [info] > git for-each-ref --format=%(refname)%00%(upstream:short)%00%(objectname)%00%(upstream:track)%00%(upstream:remotename)%00%(upstream:remoteref) refs/heads/main refs/remotes/main [2ms]
2023-07-20 15:02:03.378 [info] > git status -z -uall [1ms]
2023-07-20 15:02:03.494 [info] > git ls-files --stage -- /home/baggscodes/repos/odin-recipes/recipes/carne.html [11ms]
2023-07-20 15:02:03.505 [info] > git ls-files --stage -- /home/baggscodes/repos/odin-recipes/index.html [12ms]
2023-07-20 15:02:03.515 [info] > git cat-file -s 659b862e80af7eecb686329cb2d54608508558e3 [11ms]
2023-07-20 15:02:03.517 [info] > git cat-file -s 99fda19491bfc2faac97cb10a60f36d5be20f2fe [3ms]
2023-07-20 15:02:03.537 [info] > git show --textconv :recipes/carne.html [10ms]
2023-07-20 15:02:03.538 [info] > git show --textconv :index.html [2ms]
2023-07-20 15:05:33.049 [info] > git ls-files --stage -- /home/baggscodes/repos/odin-recipes/recipes/carne.html [12ms]
2023-07-20 15:05:33.058 [info] > git config --get commit.template [40ms]
2023-07-20 15:05:33.059 [info] > git ls-files --stage -- /home/baggscodes/repos/odin-recipes/index.html [11ms]
2023-07-20 15:05:33.077 [info] > git cat-file -s 659b862e80af7eecb686329cb2d54608508558e3 [20ms]
2023-07-20 15:05:33.079 [info] > git cat-file -s f9f5b9f9dbac34f753cea3aaf1a842c12f8d2a89 [11ms]
2023-07-20 15:05:33.080 [info] > git for-each-ref --format=%(refname)%00%(upstream:short)%00%(objectname)%00%(upstream:track)%00%(upstream:remotename)%00%(upstream:remoteref) refs/heads/main refs/remotes/main [4ms]
2023-07-20 15:05:33.099 [info] > git status -z -uall [11ms]
2023-07-20 15:05:33.119 [info] > git show --textconv :recipes/carne.html [20ms]
2023-07-20 15:05:33.120 [info] > git show --textconv :index.html [2ms]
2023-07-20 15:05:38.138 [info] > git config --get commit.template [13ms]
2023-07-20 15:05:38.140 [info] > git for-each-ref --format=%(refname)%00%(upstream:short)%00%(objectname)%00%(upstream:track)%00%(upstream:remotename)%00%(upstream:remoteref) refs/heads/main refs/remotes/main [2ms]
2023-07-20 15:05:38.154 [info] > git status -z -uall [2ms]
2023-07-20 15:05:41.649 [info] > git show --textconv :recipes/index.html [44ms]
2023-07-20 15:05:41.652 [info] > git ls-files --stage -- /home/baggscodes/repos/odin-recipes/recipes/index.html [12ms]
2023-07-20 15:05:48.720 [info] > git check-ignore -v -z --stdin [45ms]
2023-07-20 15:05:48.741 [info] > git config --get commit.template [26ms]
2023-07-20 15:05:49.013 [info] > git for-each-ref --format=%(refname)%00%(upstream:short)%00%(objectname)%00%(upstream:track)%00%(upstream:remotename)%00%(upstream:remoteref) refs/heads/main refs/remotes/main [4ms]
2023-07-20 15:05:49.031 [info] > git status -z -uall [1ms]
2023-07-20 15:06:06.334 [info] > git config --get commit.template [15ms]
2023-07-20 15:06:06.334 [info] > git for-each-ref --format=%(refname)%00%(upstream:short)%00%(objectname)%00%(upstream:track)%00%(upstream:remotename)%00%(upstream:remoteref) refs/heads/main refs/remotes/main [1ms]
2023-07-20 15:06:06.350 [info] > git status -z -uall [1ms]
2023-07-20 15:06:11.400 [info] > git config --get commit.template [23ms]
2023-07-20 15:06:11.400 [info] > git for-each-ref --format=%(refname)%00%(upstream:short)%00%(objectname)%00%(upstream:track)%00%(upstream:remotename)%00%(upstream:remoteref) refs/heads/main refs/remotes/main [1ms]
2023-07-20 15:06:11.422 [info] > git status -z -uall [2ms]
2023-07-20 15:06:16.644 [info] > git config --get commit.template [18ms]
2023-07-20 15:06:16.647 [info] > git for-each-ref --format=%(refname)%00%(upstream:short)%00%(objectname)%00%(upstream:track)%00%(upstream:remotename)%00%(upstream:remoteref) refs/heads/main refs/remotes/main [4ms]
2023-07-20 15:06:16.665 [info] > git status -z -uall [1ms]
2023-07-20 15:06:21.709 [info] > git config --get commit.template [1ms]
2023-07-20 15:06:21.724 [info] > git for-each-ref --format=%(refname)%00%(upstream:short)%00%(objectname)%00%(upstream:track)%00%(upstream:remotename)%00%(upstream:remoteref) refs/heads/main refs/remotes/main [1ms]
2023-07-20 15:06:21.740 [info] > git status -z -uall [1ms]
2023-07-20 15:07:10.616 [info] > git config --get commit.template [48ms]
2023-07-20 15:07:10.620 [info] > git for-each-ref --format=%(refname)%00%(upstream:short)%00%(objectname)%00%(upstream:track)%00%(upstream:remotename)%00%(upstream:remoteref) refs/heads/main refs/remotes/main [6ms]
2023-07-20 15:07:10.664 [info] > git status -z -uall [3ms]
2023-07-20 15:10:11.488 [info] > git config --get commit.template [1ms]
2023-07-20 15:10:11.503 [info] > git for-each-ref --format=%(refname)%00%(upstream:short)%00%(objectname)%00%(upstream:track)%00%(upstream:remotename)%00%(upstream:remoteref) refs/heads/main refs/remotes/main [2ms]
2023-07-20 15:10:11.517 [info] > git status -z -uall [2ms]
2023-07-20 15:10:24.500 [info] > git config --get commit.template [19ms]
2023-07-20 15:10:24.503 [info] > git for-each-ref --format=%(refname)%00%(upstream:short)%00%(objectname)%00%(upstream:track)%00%(upstream:remotename)%00%(upstream:remoteref) refs/heads/main refs/remotes/main [3ms]
2023-07-20 15:10:24.524 [info] > git status -z -uall [1ms]
2023-07-20 15:10:29.564 [info] > git config --get commit.template [16ms]
2023-07-20 15:10:29.564 [info] > git for-each-ref --format=%(refname)%00%(upstream:short)%00%(objectname)%00%(upstream:track)%00%(upstream:remotename)%00%(upstream:remoteref) refs/heads/main refs/remotes/main [1ms]
2023-07-20 15:10:29.581 [info] > git status -z -uall [2ms]
2023-07-20 15:10:58.336 [info] > git show --textconv :recipes/spaghetti.html [18ms]
2023-07-20 15:10:58.337 [info] > git ls-files --stage -- /home/baggscodes/repos/odin-recipes/recipes/spaghetti.html [2ms]
2023-07-20 15:10:58.354 [info] > git cat-file -s 2993968276dfd63f9c2879ee7251b36ccb40d6fd [1ms]
2023-07-20 15:10:59.091 [info] > git show --textconv :recipes/wings.html [39ms]
2023-07-20 15:10:59.097 [info] > git ls-files --stage -- /home/baggscodes/repos/odin-recipes/recipes/wings.html [21ms]
2023-07-20 15:10:59.133 [info] > git cat-file -s 0c232c46482f77deaf37fffafb5a34a6ba4f4338 [17ms]
2023-07-20 15:11:34.500 [info] > git config --get commit.template [77ms]
2023-07-20 15:11:34.585 [info] > git for-each-ref --format=%(refname)%00%(upstream:short)%00%(objectname)%00%(upstream:track)%00%(upstream:remotename)%00%(upstream:remoteref) refs/heads/main refs/remotes/main [108ms]
2023-07-20 15:11:34.605 [info] > git status -z -uall [2ms]
2023-07-20 15:11:39.645 [info] > git config --get commit.template [18ms]
2023-07-20 15:11:39.645 [info] > git for-each-ref --format=%(refname)%00%(upstream:short)%00%(objectname)%00%(upstream:track)%00%(upstream:remotename)%00%(upstream:remoteref) refs/heads/main refs/remotes/main [1ms]
2023-07-20 15:11:39.665 [info] > git status -z -uall [2ms]
2023-07-20 15:11:44.721 [info] > git config --get commit.template [17ms]
2023-07-20 15:11:44.722 [info] > git for-each-ref --format=%(refname)%00%(upstream:short)%00%(objectname)%00%(upstream:track)%00%(upstream:remotename)%00%(upstream:remoteref) refs/heads/main refs/remotes/main [3ms]
2023-07-20 15:11:44.739 [info] > git status -z -uall [1ms]
2023-07-20 15:13:25.983 [info] > git config --get commit.template [15ms]
2023-07-20 15:13:26.011 [info] > git ls-files --stage -- /home/baggscodes/repos/odin-recipes/recipes/carne.html [13ms]
2023-07-20 15:13:26.021 [info] > git for-each-ref --format=%(refname)%00%(upstream:short)%00%(objectname)%00%(upstream:track)%00%(upstream:remotename)%00%(upstream:remoteref) refs/heads/main refs/remotes/main [39ms]
2023-07-20 15:13:26.064 [info] > git status -z -uall [34ms]
2023-07-20 15:13:26.064 [info] > git ls-files --stage -- /home/baggscodes/repos/odin-recipes/recipes/spaghetti.html [14ms]
2023-07-20 15:13:26.073 [info] > git ls-files --stage -- /home/baggscodes/repos/odin-recipes/recipes/index.html [33ms]
2023-07-20 15:13:26.076 [info] > git cat-file -s 659b862e80af7eecb686329cb2d54608508558e3 [55ms]
2023-07-20 15:13:26.078 [info] > git ls-files --stage -- /home/baggscodes/repos/odin-recipes/index.html [68ms]
2023-07-20 15:13:26.090 [info] > git cat-file -s 2993968276dfd63f9c2879ee7251b36ccb40d6fd [17ms]
2023-07-20 15:13:26.091 [info] > git ls-files --stage -- /home/baggscodes/repos/odin-recipes/recipes/wings.html [28ms]
2023-07-20 15:13:26.138 [info] > git show --textconv :recipes/index.html [22ms]
2023-07-20 15:13:26.138 [info] > git show --textconv :recipes/carne.html [13ms]
2023-07-20 15:13:26.138 [info] > git show --textconv :recipes/spaghetti.html [2ms]
2023-07-20 15:13:26.139 [info] > git cat-file -s 0c232c46482f77deaf37fffafb5a34a6ba4f4338 [36ms]
2023-07-20 15:13:26.139 [info] > git cat-file -s 40074d0708e72576f2711af0e31ff4587ce74dd9 [50ms]
2023-07-20 15:13:26.154 [info] > git show --textconv :recipes/wings.html [2ms]
2023-07-20 15:13:26.166 [info] > git show --textconv :index.html [1ms]
2023-07-20 15:13:31.091 [info] > git config --get commit.template [1ms]
2023-07-20 15:13:31.107 [info] > git for-each-ref --format=%(refname)%00%(upstream:short)%00%(objectname)%00%(upstream:track)%00%(upstream:remotename)%00%(upstream:remoteref) refs/heads/main refs/remotes/main [1ms]
2023-07-20 15:13:31.120 [info] > git status -z -uall [0ms]
2023-07-20 15:15:07.604 [info] > git config --get commit.template [16ms]
2023-07-20 15:15:07.606 [info] > git for-each-ref --format=%(refname)%00%(upstream:short)%00%(objectname)%00%(upstream:track)%00%(upstream:remotename)%00%(upstream:remoteref) refs/heads/main refs/remotes/main [2ms]
2023-07-20 15:15:07.617 [info] > git status -z -uall [1ms]
2023-07-20 15:15:19.990 [info] > git config --get commit.template [13ms]
2023-07-20 15:15:19.991 [info] > git for-each-ref --format=%(refname)%00%(upstream:short)%00%(objectname)%00%(upstream:track)%00%(upstream:remotename)%00%(upstream:remoteref) refs/heads/main refs/remotes/main [1ms]
2023-07-20 15:15:20.004 [info] > git status -z -uall [2ms]
2023-07-20 15:16:36.703 [info] > git ls-files --stage -- /home/baggscodes/repos/odin-recipes/recipes/spaghetti.html [12ms]
2023-07-20 15:16:36.713 [info] > git ls-files --stage -- /home/baggscodes/repos/odin-recipes/recipes/index.html [33ms]
2023-07-20 15:16:36.714 [info] > git ls-files --stage -- /home/baggscodes/repos/odin-recipes/index.html [47ms]
2023-07-20 15:16:36.723 [info] > git ls-files --stage -- /home/baggscodes/repos/odin-recipes/recipes/carne.html [67ms]
2023-07-20 15:16:36.733 [info] > git config --get commit.template [97ms]
2023-07-20 15:16:36.744 [info] > git cat-file -s 659b862e80af7eecb686329cb2d54608508558e3 [11ms]
2023-07-20 15:16:36.744 [info] > git cat-file -s 40074d0708e72576f2711af0e31ff4587ce74dd9 [21ms]
2023-07-20 15:16:36.745 [info] > git cat-file -s 2993968276dfd63f9c2879ee7251b36ccb40d6fd [32ms]
2023-07-20 15:16:36.745 [info] > git ls-files --stage -- /home/baggscodes/repos/odin-recipes/recipes/wings.html [43ms]
2023-07-20 15:16:36.766 [info] > git cat-file -s 0c232c46482f77deaf37fffafb5a34a6ba4f4338 [12ms]
2023-07-20 15:16:36.766 [info] > git for-each-ref --format=%(refname)%00%(upstream:short)%00%(objectname)%00%(upstream:track)%00%(upstream:remotename)%00%(upstream:remoteref) refs/heads/main refs/remotes/main [23ms]
2023-07-20 15:16:36.808 [info] > git show --textconv :recipes/index.html [42ms]
2023-07-20 15:16:36.808 [info] > git status -z -uall [32ms]
2023-07-20 15:16:36.808 [info] > git show --textconv :recipes/carne.html [23ms]
2023-07-20 15:16:36.808 [info] > git show --textconv :index.html [12ms]
2023-07-20 15:16:36.808 [info] > git show --textconv :recipes/spaghetti.html [2ms]
2023-07-20 15:16:36.826 [info] > git show --textconv :recipes/wings.html [5ms]
2023-07-20 15:16:41.837 [info] > git config --get commit.template [13ms]
2023-07-20 15:16:41.838 [info] > git for-each-ref --format=%(refname)%00%(upstream:short)%00%(objectname)%00%(upstream:track)%00%(upstream:remotename)%00%(upstream:remoteref) refs/heads/main refs/remotes/main [1ms]
2023-07-20 15:16:41.851 [info] > git status -z -uall [2ms]
2023-07-20 15:27:28.051 [info] > git ls-files --stage -- /home/baggscodes/repos/odin-recipes/recipes/spaghetti.html [13ms]
2023-07-20 15:27:28.063 [info] > git ls-files --stage -- /home/baggscodes/repos/odin-recipes/index.html [39ms]
2023-07-20 15:27:28.073 [info] > git ls-files --stage -- /home/baggscodes/repos/odin-recipes/recipes/carne.html [60ms]
2023-07-20 15:27:28.083 [info] > git config --get commit.template [89ms]
2023-07-20 15:27:28.084 [info] > git cat-file -s 40074d0708e72576f2711af0e31ff4587ce74dd9 [11ms]
2023-07-20 15:27:28.085 [info] > git cat-file -s 2993968276dfd63f9c2879ee7251b36ccb40d6fd [22ms]
2023-07-20 15:27:28.085 [info] > git ls-files --stage -- /home/baggscodes/repos/odin-recipes/recipes/wings.html [35ms]
2023-07-20 15:27:28.107 [info] > git cat-file -s 659b862e80af7eecb686329cb2d54608508558e3 [24ms]
2023-07-20 15:27:28.131 [info] > git show --textconv :index.html [14ms]
2023-07-20 15:27:28.132 [info] > git for-each-ref --format=%(refname)%00%(upstream:short)%00%(objectname)%00%(upstream:track)%00%(upstream:remotename)%00%(upstream:remoteref) refs/heads/main refs/remotes/main [26ms]
2023-07-20 15:27:28.143 [info] > git cat-file -s 0c232c46482f77deaf37fffafb5a34a6ba4f4338 [48ms]
2023-07-20 15:27:28.155 [info] > git show --textconv :recipes/spaghetti.html [25ms]
2023-07-20 15:27:28.155 [info] > git status -z -uall [14ms]
2023-07-20 15:27:28.173 [info] > git show --textconv :recipes/carne.html [18ms]
2023-07-20 15:27:28.175 [info] > git show --textconv :recipes/wings.html [3ms]
2023-07-20 15:28:17.966 [info] > git for-each-ref --format=%(refname)%00%(upstream:short)%00%(objectname)%00%(upstream:track)%00%(upstream:remotename)%00%(upstream:remoteref) refs/heads/main refs/remotes/main [1ms]
2023-07-20 15:28:17.966 [info] > git config --get commit.template [20ms]
2023-07-20 15:28:17.979 [info] > git status -z -uall [1ms]
2023-07-20 16:29:54.754 [info] > git show --textconv :style.css [51ms]
2023-07-20 16:29:54.829 [info] > git ls-files --stage -- /home/baggscodes/repos/odin-recipes/style.css [75ms]
2023-07-20 16:29:54.953 [info] > git check-ignore -v -z --stdin [10ms]
2023-07-20 16:29:55.513 [info] > git config --get commit.template [15ms]
2023-07-20 16:29:55.513 [info] > git for-each-ref --format=%(refname)%00%(upstream:short)%00%(objectname)%00%(upstream:track)%00%(upstream:remotename)%00%(upstream:remoteref) refs/heads/main refs/remotes/main [1ms]
2023-07-20 16:29:55.526 [info] > git status -z -uall [1ms]
2023-07-20 16:31:29.507 [info] > git for-each-ref --format=%(refname)%00%(upstream:short)%00%(objectname)%00%(upstream:track)%00%(upstream:remotename)%00%(upstream:remoteref) refs/heads/main refs/remotes/main [1ms]
2023-07-20 16:31:29.507 [info] > git config --get commit.template [24ms]
2023-07-20 16:31:29.525 [info] > git status -z -uall [2ms]
2023-07-20 16:33:32.545 [info] > git config --get commit.template [1ms]
2023-07-20 16:33:32.558 [info] > git for-each-ref --format=%(refname)%00%(upstream:short)%00%(objectname)%00%(upstream:track)%00%(upstream:remotename)%00%(upstream:remoteref) refs/heads/main refs/remotes/main [2ms]
2023-07-20 16:33:32.569 [info] > git status -z -uall [2ms]
2023-07-20 16:35:29.276 [info] > git config --get commit.template [20ms]
2023-07-20 16:35:29.276 [info] > git for-each-ref --format=%(refname)%00%(upstream:short)%00%(objectname)%00%(upstream:track)%00%(upstream:remotename)%00%(upstream:remoteref) refs/heads/main refs/remotes/main [2ms]
2023-07-20 16:35:29.290 [info] > git status -z -uall [2ms]
2023-07-20 16:36:32.546 [info] > git config --get commit.template [18ms]
2023-07-20 16:36:32.546 [info] > git for-each-ref --format=%(refname)%00%(upstream:short)%00%(objectname)%00%(upstream:track)%00%(upstream:remotename)%00%(upstream:remoteref) refs/heads/main refs/remotes/main [1ms]
2023-07-20 16:36:32.565 [info] > git status -z -uall [2ms]
2023-07-20 16:36:53.342 [info] > git config --get commit.template [30ms]
2023-07-20 16:36:53.346 [info] > git for-each-ref --format=%(refname)%00%(upstream:short)%00%(objectname)%00%(upstream:track)%00%(upstream:remotename)%00%(upstream:remoteref) refs/heads/main refs/remotes/main [5ms]
2023-07-20 16:36:53.387 [info] > git status -z -uall [7ms]
2023-07-20 16:37:03.056 [info] > git config --get commit.template [20ms]
2023-07-20 16:37:03.057 [info] > git for-each-ref --format=%(refname)%00%(upstream:short)%00%(objectname)%00%(upstream:track)%00%(upstream:remotename)%00%(upstream:remoteref) refs/heads/main refs/remotes/main [2ms]
2023-07-20 16:37:03.075 [info] > git status -z -uall [1ms]
2023-07-20 16:37:11.993 [info] > git config --get commit.template [1ms]
2023-07-20 16:37:12.010 [info] > git for-each-ref --format=%(refname)%00%(upstream:short)%00%(objectname)%00%(upstream:track)%00%(upstream:remotename)%00%(upstream:remoteref) refs/heads/main refs/remotes/main [1ms]
2023-07-20 16:37:12.028 [info] > git status -z -uall [1ms]
2023-07-20 16:37:22.042 [info] > git config --get commit.template [34ms]
2023-07-20 16:37:22.047 [info] > git for-each-ref --format=%(refname)%00%(upstream:short)%00%(objectname)%00%(upstream:track)%00%(upstream:remotename)%00%(upstream:remoteref) refs/heads/main refs/remotes/main [5ms]
2023-07-20 16:37:22.075 [info] > git status -z -uall [4ms]
2023-07-20 16:37:35.867 [info] > git config --get commit.template [3ms]
2023-07-20 16:37:35.892 [info] > git for-each-ref --format=%(refname)%00%(upstream:short)%00%(objectname)%00%(upstream:track)%00%(upstream:remotename)%00%(upstream:remoteref) refs/heads/main refs/remotes/main [3ms]
2023-07-20 16:37:35.914 [info] > git status -z -uall [4ms]
2023-07-20 16:37:44.385 [info] > git config --get commit.template [33ms]
2023-07-20 16:37:44.388 [info] > git for-each-ref --format=%(refname)%00%(upstream:short)%00%(objectname)%00%(upstream:track)%00%(upstream:remotename)%00%(upstream:remoteref) refs/heads/main refs/remotes/main [4ms]
2023-07-20 16:37:44.417 [info] > git status -z -uall [3ms]
