2023-07-20 11:39:10.072 [info] Extension host with pid 2485 started
2023-07-20 11:39:10.149 [info] ExtensionService#_doActivateExtension vscode.emmet, startup: false, activationEvent: 'onLanguage'
2023-07-20 11:39:10.198 [info] ExtensionService#_doActivateExtension vscode.git-base, startup: true, activationEvent: '*', root cause: vscode.git
2023-07-20 11:39:10.204 [info] ExtensionService#_doActivateExtension formulahendry.auto-rename-tag, startup: true, activationEvent: '*'
2023-07-20 11:39:10.222 [info] ExtensionService#_doActivateExtension vincaslt.highlight-matching-tag, startup: true, activationEvent: '*'
2023-07-20 11:39:10.331 [info] ExtensionService#_doActivateExtension vscode.git, startup: true, activationEvent: '*'
2023-07-20 11:39:10.400 [info] ExtensionService#_doActivateExtension vscode.github, startup: true, activationEvent: '*'
2023-07-20 11:39:10.633 [info] ExtensionService#_doActivateExtension vscode.github-authentication, startup: false, activationEvent: 'onAuthenticationRequest:github'
2023-07-20 11:39:10.776 [info] ExtensionService#_doActivateExtension vscode.microsoft-authentication, startup: false, activationEvent: 'onAuthenticationRequest:microsoft'
2023-07-20 11:39:10.834 [info] Eager extensions activated
2023-07-20 11:39:10.843 [info] ExtensionService#_doActivateExtension vscode.debug-auto-launch, startup: false, activationEvent: 'onStartupFinished'
2023-07-20 11:39:10.850 [info] ExtensionService#_doActivateExtension vscode.merge-conflict, startup: false, activationEvent: 'onStartupFinished'
2023-07-20 11:39:10.865 [info] ExtensionService#_doActivateExtension equinusocio.vsc-material-theme-icons, startup: false, activationEvent: 'onStartupFinished'
2023-07-20 11:39:10.974 [info] ExtensionService#_doActivateExtension esbenp.prettier-vscode, startup: false, activationEvent: 'onStartupFinished'
2023-07-20 11:39:11.106 [info] ExtensionService#_doActivateExtension ritwickdey.LiveServer, startup: false, activationEvent: 'onStartupFinished'
2023-07-20 11:39:11.134 [info] ExtensionService#_doActivateExtension streetsidesoftware.code-spell-checker, startup: false, activationEvent: 'onStartupFinished'
2023-07-20 11:39:43.170 [info] Extension host terminating: renderer closed the MessagePort
2023-07-20 11:39:43.180 [info] Extension host with pid 2485 exiting with code 0
2023-07-20 11:39:44.364 [info] Extension host with pid 2612 started
2023-07-20 11:39:44.364 [info] Skipping acquiring lock for /home/baggscodes/.config/Code/User/workspaceStorage/745415ea316708dfc94e98115f5a24e6.
2023-07-20 11:39:44.481 [info] ExtensionService#_doActivateExtension vscode.git-base, startup: true, activationEvent: '*', root cause: vscode.git
2023-07-20 11:39:44.485 [info] ExtensionService#_doActivateExtension formulahendry.auto-rename-tag, startup: true, activationEvent: '*'
2023-07-20 11:39:44.513 [info] ExtensionService#_doActivateExtension vincaslt.highlight-matching-tag, startup: true, activationEvent: '*'
2023-07-20 11:39:44.579 [info] ExtensionService#_doActivateExtension vscode.git, startup: true, activationEvent: '*'
2023-07-20 11:39:44.658 [info] ExtensionService#_doActivateExtension vscode.github, startup: true, activationEvent: '*'
2023-07-20 11:39:44.954 [info] Eager extensions activated
2023-07-20 11:39:45.019 [info] ExtensionService#_doActivateExtension vscode.debug-auto-launch, startup: false, activationEvent: 'onStartupFinished'
2023-07-20 11:39:45.021 [info] ExtensionService#_doActivateExtension vscode.merge-conflict, startup: false, activationEvent: 'onStartupFinished'
2023-07-20 11:39:45.032 [info] ExtensionService#_doActivateExtension equinusocio.vsc-material-theme-icons, startup: false, activationEvent: 'onStartupFinished'
2023-07-20 11:39:45.053 [info] ExtensionService#_doActivateExtension esbenp.prettier-vscode, startup: false, activationEvent: 'onStartupFinished'
2023-07-20 11:39:45.092 [info] ExtensionService#_doActivateExtension ritwickdey.LiveServer, startup: false, activationEvent: 'onStartupFinished'
2023-07-20 11:39:45.101 [info] ExtensionService#_doActivateExtension streetsidesoftware.code-spell-checker, startup: false, activationEvent: 'onStartupFinished'
2023-07-20 11:39:45.467 [info] ExtensionService#_doActivateExtension vscode.github-authentication, startup: false, activationEvent: 'onAuthenticationRequest:github'
2023-07-20 11:39:45.619 [info] ExtensionService#_doActivateExtension vscode.microsoft-authentication, startup: false, activationEvent: 'onAuthenticationRequest:microsoft'
2023-07-20 11:39:49.851 [info] ExtensionService#_doActivateExtension vscode.html-language-features, startup: false, activationEvent: 'onLanguage:html'
2023-07-20 11:39:49.884 [info] ExtensionService#_doActivateExtension vscode.emmet, startup: false, activationEvent: 'onLanguage'
2023-07-20 11:43:51.334 [info] ExtensionService#_doActivateExtension vscode.json-language-features, startup: false, activationEvent: 'onLanguage:jsonc'
2023-07-20 11:43:51.361 [info] ExtensionService#_doActivateExtension vscode.typescript-language-features, startup: false, activationEvent: 'onLanguage:jsonc'
2023-07-20 11:54:49.953 [info] ExtensionService#_doActivateExtension vscode.media-preview, startup: false, activationEvent: 'onCustomEditor:imagePreview.previewEditor'
2023-07-20 12:02:14.441 [error] Error: No result.
    at D.convert (/usr/share/code/resources/app/out/vs/workbench/api/node/extensionHostProcess.js:99:73196)
    at P.registerCommand.description (/usr/share/code/resources/app/out/vs/workbench/api/node/extensionHostProcess.js:99:62330)
    at e.$vL.h (/usr/share/code/resources/app/out/vs/workbench/api/node/extensionHostProcess.js:99:64077)
    at useReference (/home/baggscodes/.vscode/extensions/streetsidesoftware.code-spell-checker-2.20.5/packages/client/dist/extension.js:2:268267)
    at cSpell.editText (/home/baggscodes/.vscode/extensions/streetsidesoftware.code-spell-checker-2.20.5/packages/client/dist/extension.js:2:267552)
    at e.$vL.h (/usr/share/code/resources/app/out/vs/workbench/api/node/extensionHostProcess.js:99:64077)
    at e.$vL.h (/usr/share/code/resources/app/out/vs/workbench/api/node/extensionHostProcess.js:99:64077) vscode.executeDocumentRenameProvider undefined
2023-07-20 12:07:21.232 [error] Error: No result.
    at D.convert (/usr/share/code/resources/app/out/vs/workbench/api/node/extensionHostProcess.js:99:73196)
    at P.registerCommand.description (/usr/share/code/resources/app/out/vs/workbench/api/node/extensionHostProcess.js:99:62330)
    at e.$vL.h (/usr/share/code/resources/app/out/vs/workbench/api/node/extensionHostProcess.js:99:64077)
    at useReference (/home/baggscodes/.vscode/extensions/streetsidesoftware.code-spell-checker-2.20.5/packages/client/dist/extension.js:2:268267)
    at cSpell.editText (/home/baggscodes/.vscode/extensions/streetsidesoftware.code-spell-checker-2.20.5/packages/client/dist/extension.js:2:267552)
    at e.$vL.h (/usr/share/code/resources/app/out/vs/workbench/api/node/extensionHostProcess.js:99:64077)
    at e.$vL.h (/usr/share/code/resources/app/out/vs/workbench/api/node/extensionHostProcess.js:99:64077) vscode.executeDocumentRenameProvider undefined
2023-07-20 12:38:15.301 [error] Error: No result.
    at D.convert (/usr/share/code/resources/app/out/vs/workbench/api/node/extensionHostProcess.js:99:73196)
    at P.registerCommand.description (/usr/share/code/resources/app/out/vs/workbench/api/node/extensionHostProcess.js:99:62330)
    at e.$vL.h (/usr/share/code/resources/app/out/vs/workbench/api/node/extensionHostProcess.js:99:64077)
    at useReference (/home/baggscodes/.vscode/extensions/streetsidesoftware.code-spell-checker-2.20.5/packages/client/dist/extension.js:2:268267)
    at cSpell.editText (/home/baggscodes/.vscode/extensions/streetsidesoftware.code-spell-checker-2.20.5/packages/client/dist/extension.js:2:267552)
    at e.$vL.h (/usr/share/code/resources/app/out/vs/workbench/api/node/extensionHostProcess.js:99:64077)
    at e.$vL.h (/usr/share/code/resources/app/out/vs/workbench/api/node/extensionHostProcess.js:99:64077) vscode.executeDocumentRenameProvider undefined
2023-07-20 12:49:40.702 [error] Error: No result.
    at D.convert (/usr/share/code/resources/app/out/vs/workbench/api/node/extensionHostProcess.js:99:73196)
    at P.registerCommand.description (/usr/share/code/resources/app/out/vs/workbench/api/node/extensionHostProcess.js:99:62330)
    at e.$vL.h (/usr/share/code/resources/app/out/vs/workbench/api/node/extensionHostProcess.js:99:64077)
    at useReference (/home/baggscodes/.vscode/extensions/streetsidesoftware.code-spell-checker-2.20.5/packages/client/dist/extension.js:2:268267)
    at cSpell.editText (/home/baggscodes/.vscode/extensions/streetsidesoftware.code-spell-checker-2.20.5/packages/client/dist/extension.js:2:267552)
    at e.$vL.h (/usr/share/code/resources/app/out/vs/workbench/api/node/extensionHostProcess.js:99:64077)
    at e.$vL.h (/usr/share/code/resources/app/out/vs/workbench/api/node/extensionHostProcess.js:99:64077) vscode.executeDocumentRenameProvider undefined
2023-07-20 12:59:49.537 [error] Error: No result.
    at D.convert (/usr/share/code/resources/app/out/vs/workbench/api/node/extensionHostProcess.js:99:73196)
    at P.registerCommand.description (/usr/share/code/resources/app/out/vs/workbench/api/node/extensionHostProcess.js:99:62330)
    at e.$vL.h (/usr/share/code/resources/app/out/vs/workbench/api/node/extensionHostProcess.js:99:64077)
    at useReference (/home/baggscodes/.vscode/extensions/streetsidesoftware.code-spell-checker-2.20.5/packages/client/dist/extension.js:2:268267)
    at cSpell.editText (/home/baggscodes/.vscode/extensions/streetsidesoftware.code-spell-checker-2.20.5/packages/client/dist/extension.js:2:267552)
    at e.$vL.h (/usr/share/code/resources/app/out/vs/workbench/api/node/extensionHostProcess.js:99:64077)
    at e.$vL.h (/usr/share/code/resources/app/out/vs/workbench/api/node/extensionHostProcess.js:99:64077) vscode.executeDocumentRenameProvider undefined
2023-07-20 13:38:14.208 [error] Error: No result.
    at D.convert (/usr/share/code/resources/app/out/vs/workbench/api/node/extensionHostProcess.js:99:73196)
    at P.registerCommand.description (/usr/share/code/resources/app/out/vs/workbench/api/node/extensionHostProcess.js:99:62330)
    at e.$vL.h (/usr/share/code/resources/app/out/vs/workbench/api/node/extensionHostProcess.js:99:64077)
    at useReference (/home/baggscodes/.vscode/extensions/streetsidesoftware.code-spell-checker-2.20.5/packages/client/dist/extension.js:2:268267)
    at cSpell.editText (/home/baggscodes/.vscode/extensions/streetsidesoftware.code-spell-checker-2.20.5/packages/client/dist/extension.js:2:267552)
    at e.$vL.h (/usr/share/code/resources/app/out/vs/workbench/api/node/extensionHostProcess.js:99:64077)
    at e.$vL.h (/usr/share/code/resources/app/out/vs/workbench/api/node/extensionHostProcess.js:99:64077) vscode.executeDocumentRenameProvider undefined
2023-07-20 13:41:43.741 [error] Error: No result.
    at D.convert (/usr/share/code/resources/app/out/vs/workbench/api/node/extensionHostProcess.js:99:73196)
    at P.registerCommand.description (/usr/share/code/resources/app/out/vs/workbench/api/node/extensionHostProcess.js:99:62330)
    at e.$vL.h (/usr/share/code/resources/app/out/vs/workbench/api/node/extensionHostProcess.js:99:64077)
    at useReference (/home/baggscodes/.vscode/extensions/streetsidesoftware.code-spell-checker-2.20.5/packages/client/dist/extension.js:2:268267)
    at cSpell.editText (/home/baggscodes/.vscode/extensions/streetsidesoftware.code-spell-checker-2.20.5/packages/client/dist/extension.js:2:267552)
    at e.$vL.h (/usr/share/code/resources/app/out/vs/workbench/api/node/extensionHostProcess.js:99:64077)
    at e.$vL.h (/usr/share/code/resources/app/out/vs/workbench/api/node/extensionHostProcess.js:99:64077) vscode.executeDocumentRenameProvider undefined
2023-07-20 14:20:25.114 [info] ExtensionService#_doActivateExtension vscode.npm, startup: false, activationEvent: 'onTerminalQuickFixRequest:ms-vscode.npm-command'
2023-07-20 16:29:54.487 [info] ExtensionService#_doActivateExtension vscode.css-language-features, startup: false, activationEvent: 'onLanguage:css'
2023-07-20 16:38:10.153 [info] Extension host terminating: renderer closed the MessagePort
2023-07-20 16:38:10.218 [error] Canceled: Canceled
    at new h (/usr/share/code/resources/app/out/vs/workbench/api/node/extensionHostProcess.js:99:42413)
    at t.O (/usr/share/code/resources/app/out/vs/workbench/api/node/extensionHostProcess.js:111:11236)
    at Proxy.U.<computed>.q.charCodeAt.U.<computed> (/usr/share/code/resources/app/out/vs/workbench/api/node/extensionHostProcess.js:111:8675)
    at e.$vL.g (/usr/share/code/resources/app/out/vs/workbench/api/node/extensionHostProcess.js:99:63549)
    at e.$vL.executeCommand (/usr/share/code/resources/app/out/vs/workbench/api/node/extensionHostProcess.js:99:62973)
    at P.registerCommand.description (/usr/share/code/resources/app/out/vs/workbench/api/node/extensionHostProcess.js:99:62280)
    at e.$vL.h (/usr/share/code/resources/app/out/vs/workbench/api/node/extensionHostProcess.js:99:64085)
    at e.$vL.g (/usr/share/code/resources/app/out/vs/workbench/api/node/extensionHostProcess.js:99:63073)
    at e.$vL.executeCommand (/usr/share/code/resources/app/out/vs/workbench/api/node/extensionHostProcess.js:99:62973)
    at Object.executeCommand (/usr/share/code/resources/app/out/vs/workbench/api/node/extensionHostProcess.js:117:20971)
    at i.D [as value] (/usr/share/code/resources/app/extensions/git/dist/main.js:2:1260424)
    at p.w (/usr/share/code/resources/app/out/vs/workbench/api/node/extensionHostProcess.js:60:1902)
    at p.x (/usr/share/code/resources/app/out/vs/workbench/api/node/extensionHostProcess.js:60:1972)
    at p.fire (/usr/share/code/resources/app/out/vs/workbench/api/node/extensionHostProcess.js:60:2188)
    at Object.m [as dispose] (/usr/share/code/resources/app/extensions/git/dist/main.js:2:1275972)
    at /usr/share/code/resources/app/extensions/git/dist/main.js:2:1280539
    at Array.forEach (<anonymous>)
    at g.dispose (/usr/share/code/resources/app/extensions/git/dist/main.js:2:1280525)
    at o.<anonymous> (/usr/share/code/resources/app/out/vs/workbench/api/node/extensionHostProcess.js:95:4162)
    at o.dispose (/usr/share/code/resources/app/out/vs/workbench/api/node/extensionHostProcess.js:95:4297)
    at o.<anonymous> (/usr/share/code/resources/app/extensions/git/dist/main.js:2:1262437)
    at o.dispose (/usr/share/code/resources/app/out/vs/workbench/api/node/extensionHostProcess.js:95:4297)
    at S (/usr/share/code/resources/app/out/vs/workbench/api/node/extensionHostProcess.js:10:11731)
    at i.Z (/usr/share/code/resources/app/out/vs/workbench/api/node/extensionHostProcess.js:113:10370)
    at /usr/share/code/resources/app/out/vs/workbench/api/node/extensionHostProcess.js:113:8332
    at Array.map (<anonymous>)
    at i.S (/usr/share/code/resources/app/out/vs/workbench/api/node/extensionHostProcess.js:113:8319)
    at i.terminate (/usr/share/code/resources/app/out/vs/workbench/api/node/extensionHostProcess.js:113:8591)
    at u.terminate (/usr/share/code/resources/app/out/vs/workbench/api/node/extensionHostProcess.js:117:1532)
    at E (/usr/share/code/resources/app/out/vs/workbench/api/node/extensionHostProcess.js:127:32236)
    at MessagePortMain.<anonymous> (/usr/share/code/resources/app/out/vs/workbench/api/node/extensionHostProcess.js:127:28665)
    at MessagePortMain.emit (node:events:513:28)
    at Object.MessagePortMain._internalPort.emit (node:electron/js2c/utility_init:2:367) setContext undefined
2023-07-20 16:38:10.260 [error] Canceled: Canceled
    at new h (/usr/share/code/resources/app/out/vs/workbench/api/node/extensionHostProcess.js:99:42413)
    at t.O (/usr/share/code/resources/app/out/vs/workbench/api/node/extensionHostProcess.js:111:11236)
    at Proxy.U.<computed>.q.charCodeAt.U.<computed> (/usr/share/code/resources/app/out/vs/workbench/api/node/extensionHostProcess.js:111:8675)
    at e.$vL.g (/usr/share/code/resources/app/out/vs/workbench/api/node/extensionHostProcess.js:99:63549)
    at e.$vL.executeCommand (/usr/share/code/resources/app/out/vs/workbench/api/node/extensionHostProcess.js:99:62973)
    at P.registerCommand.description (/usr/share/code/resources/app/out/vs/workbench/api/node/extensionHostProcess.js:99:62280)
    at e.$vL.h (/usr/share/code/resources/app/out/vs/workbench/api/node/extensionHostProcess.js:99:64085)
    at e.$vL.g (/usr/share/code/resources/app/out/vs/workbench/api/node/extensionHostProcess.js:99:63073)
    at e.$vL.executeCommand (/usr/share/code/resources/app/out/vs/workbench/api/node/extensionHostProcess.js:99:62973)
    at Object.executeCommand (/usr/share/code/resources/app/out/vs/workbench/api/node/extensionHostProcess.js:117:20971)
    at t.$Fe.set b [as b] (/usr/share/code/resources/app/extensions/github/dist/extension.js:2:675669)
    at /usr/share/code/resources/app/extensions/github/dist/extension.js:2:676313
    at i.value (/usr/share/code/resources/app/extensions/git/dist/main.js:2:1347255)
    at p.w (/usr/share/code/resources/app/out/vs/workbench/api/node/extensionHostProcess.js:60:1902)
    at p.x (/usr/share/code/resources/app/out/vs/workbench/api/node/extensionHostProcess.js:60:1972)
    at p.fire (/usr/share/code/resources/app/out/vs/workbench/api/node/extensionHostProcess.js:60:2188)
    at Object.m [as dispose] (/usr/share/code/resources/app/extensions/git/dist/main.js:2:1275972)
    at /usr/share/code/resources/app/extensions/git/dist/main.js:2:1280539
    at Array.forEach (<anonymous>)
    at g.dispose (/usr/share/code/resources/app/extensions/git/dist/main.js:2:1280525)
    at o.<anonymous> (/usr/share/code/resources/app/out/vs/workbench/api/node/extensionHostProcess.js:95:4162)
    at o.dispose (/usr/share/code/resources/app/out/vs/workbench/api/node/extensionHostProcess.js:95:4297)
    at o.<anonymous> (/usr/share/code/resources/app/extensions/git/dist/main.js:2:1262437)
    at o.dispose (/usr/share/code/resources/app/out/vs/workbench/api/node/extensionHostProcess.js:95:4297)
    at S (/usr/share/code/resources/app/out/vs/workbench/api/node/extensionHostProcess.js:10:11731)
    at i.Z (/usr/share/code/resources/app/out/vs/workbench/api/node/extensionHostProcess.js:113:10370)
    at /usr/share/code/resources/app/out/vs/workbench/api/node/extensionHostProcess.js:113:8332
    at Array.map (<anonymous>)
    at i.S (/usr/share/code/resources/app/out/vs/workbench/api/node/extensionHostProcess.js:113:8319)
    at i.terminate (/usr/share/code/resources/app/out/vs/workbench/api/node/extensionHostProcess.js:113:8591)
    at u.terminate (/usr/share/code/resources/app/out/vs/workbench/api/node/extensionHostProcess.js:117:1532)
    at E (/usr/share/code/resources/app/out/vs/workbench/api/node/extensionHostProcess.js:127:32236)
    at MessagePortMain.<anonymous> (/usr/share/code/resources/app/out/vs/workbench/api/node/extensionHostProcess.js:127:28665)
    at MessagePortMain.emit (node:events:513:28)
    at Object.MessagePortMain._internalPort.emit (node:electron/js2c/utility_init:2:367) setContext undefined
2023-07-20 16:38:10.289 [info] Extension host with pid 2612 exiting with code 0
