2023-07-20 11:39:08.629 [info] Added views:workbench.panel.markers.view in workbench.panel.markers
2023-07-20 11:39:08.629 [info] Added views:workbench.panel.output in workbench.panel.output
2023-07-20 11:39:08.629 [info] Added views:terminal in terminal
2023-07-20 11:39:08.629 [info] Added views:outline in workbench.view.explorer
2023-07-20 11:39:08.629 [info] Added views:workbench.scm in workbench.view.scm
2023-07-20 11:39:08.629 [info] Added views:workbench.view.search in workbench.view.search
2023-07-20 11:39:08.629 [info] Added views:timeline in workbench.view.explorer
2023-07-20 11:39:08.629 [info] Added views:workbench.explorer.emptyView in workbench.view.explorer
2023-07-20 11:39:08.876 [info] Added views:workbench.debug.variablesView,workbench.debug.watchExpressionsView,workbench.debug.callStackView,workbench.debug.breakPointsView in workbench.view.debug
2023-07-20 11:39:10.149 [info] Added views:workbench.panel.repl.view in workbench.panel.repl
2023-07-20 11:39:10.151 [info] Removed views:workbench.debug.breakPointsView,workbench.debug.callStackView,workbench.debug.watchExpressionsView,workbench.debug.variablesView from workbench.view.debug
2023-07-20 11:39:10.160 [info] Added views:workbench.debug.welcome in workbench.view.debug
2023-07-20 11:39:43.697 [info] Added views:workbench.panel.markers.view in workbench.panel.markers
2023-07-20 11:39:43.697 [info] Added views:workbench.panel.output in workbench.panel.output
2023-07-20 11:39:43.697 [info] Added views:terminal in terminal
2023-07-20 11:39:43.697 [info] Added views:outline in workbench.view.explorer
2023-07-20 11:39:43.697 [info] Added views:workbench.scm in workbench.view.scm
2023-07-20 11:39:43.697 [info] Added views:workbench.view.search in workbench.view.search
2023-07-20 11:39:43.697 [info] Added views:timeline in workbench.view.explorer
2023-07-20 11:39:43.697 [info] Added views:workbench.explorer.fileView in workbench.view.explorer
2023-07-20 11:39:44.341 [info] Added views:workbench.debug.variablesView,workbench.debug.watchExpressionsView,workbench.debug.callStackView,workbench.debug.breakPointsView in workbench.view.debug
2023-07-20 11:39:44.473 [info] Added views:workbench.panel.repl.view in workbench.panel.repl
2023-07-20 11:39:44.477 [info] Removed views:workbench.debug.breakPointsView,workbench.debug.callStackView,workbench.debug.watchExpressionsView,workbench.debug.variablesView from workbench.view.debug
2023-07-20 11:39:44.478 [info] Added views:workbench.debug.welcome in workbench.view.debug
